[11-21-16:56:50] root - calculate_alpha_beta_ratio - INFO    - ==============Timestamp 0===============
[11-21-16:56:50] root - calculate_alpha_beta_ratio - INFO    - Alpha beta ratio for channel 1 is 1.77
[11-21-16:56:50] root - calculate_alpha_beta_ratio - INFO    - Alpha beta ratio for channel 2 is 0.77
[11-21-16:56:50] root - calculate_alpha_beta_ratio - INFO    - Alpha beta ratio for channel 3 is 0.96
[11-21-16:56:50] root - calculate_alpha_beta_ratio - INFO    - Alpha beta ratio for channel 4 is 0.81
[11-21-16:56:50] root - calculate_alpha_beta_ratio - INFO    - Alpha beta ratio for channel 5 is 1.24
[11-21-16:56:50] root - calculate_alpha_beta_ratio - INFO    - Alpha beta ratio for channel 6 is 0.76
[11-21-16:56:50] root - calculate_alpha_beta_ratio - INFO    - Alpha beta ratio for channel 7 is 1.47
[11-21-16:56:50] root - calculate_alpha_beta_ratio - INFO    - Alpha beta ratio for channel 8 is 0.87
[11-21-16:56:50] root - calculate_alpha_beta_ratio - INFO    - Average alpha beta ratio is 1.08
[11-21-16:56:50] root - calculate_alpha_beta_ratio - INFO    - 

[11-21-16:56:51] root - calculate_alpha_beta_ratio - INFO    - ==============Timestamp 1===============
[11-21-16:56:51] root - calculate_alpha_beta_ratio - INFO    - Alpha beta ratio for channel 1 is 1.75
[11-21-16:56:51] root - calculate_alpha_beta_ratio - INFO    - Alpha beta ratio for channel 2 is 1.92
[11-21-16:56:51] root - calculate_alpha_beta_ratio - INFO    - Alpha beta ratio for channel 3 is 2.52
[11-21-16:56:51] root - calculate_alpha_beta_ratio - INFO    - Alpha beta ratio for channel 4 is 4.89
[11-21-16:56:51] root - calculate_alpha_beta_ratio - INFO    - Alpha beta ratio for channel 5 is 3.5
[11-21-16:56:51] root - calculate_alpha_beta_ratio - INFO    - Alpha beta ratio for channel 6 is 1.83
[11-21-16:56:51] root - calculate_alpha_beta_ratio - INFO    - Alpha beta ratio for channel 7 is 2.49
[11-21-16:56:51] root - calculate_alpha_beta_ratio - INFO    - Alpha beta ratio for channel 8 is 1.0
[11-21-16:56:51] root - calculate_alpha_beta_ratio - INFO    - Average alpha beta ratio is 2.49
[11-21-16:56:51] root - calculate_alpha_beta_ratio - INFO    - 

[11-21-16:56:52] root - calculate_alpha_beta_ratio - INFO    - ==============Timestamp 2===============
[11-21-16:56:52] root - calculate_alpha_beta_ratio - INFO    - Alpha beta ratio for channel 1 is 1.75
[11-21-16:56:52] root - calculate_alpha_beta_ratio - INFO    - Alpha beta ratio for channel 2 is 9.86
[11-21-16:56:52] root - calculate_alpha_beta_ratio - INFO    - Alpha beta ratio for channel 3 is 5.22
[11-21-16:56:52] root - calculate_alpha_beta_ratio - INFO    - Alpha beta ratio for channel 4 is 3.79
[11-21-16:56:52] root - calculate_alpha_beta_ratio - INFO    - Alpha beta ratio for channel 5 is 1.67
[11-21-16:56:52] root - calculate_alpha_beta_ratio - INFO    - Alpha beta ratio for channel 6 is 1.81
[11-21-16:56:52] root - calculate_alpha_beta_ratio - INFO    - Alpha beta ratio for channel 7 is 0.82
[11-21-16:56:52] root - calculate_alpha_beta_ratio - INFO    - Alpha beta ratio for channel 8 is 0.54
[11-21-16:56:52] root - calculate_alpha_beta_ratio - INFO    - Average alpha beta ratio is 3.18
[11-21-16:56:52] root - calculate_alpha_beta_ratio - INFO    - 

[11-21-16:56:53] root - calculate_alpha_beta_ratio - INFO    - ==============Timestamp 3===============
[11-21-16:56:53] root - calculate_alpha_beta_ratio - INFO    - Alpha beta ratio for channel 1 is 1.75
[11-21-16:56:53] root - calculate_alpha_beta_ratio - INFO    - Alpha beta ratio for channel 2 is 2.9
[11-21-16:56:53] root - calculate_alpha_beta_ratio - INFO    - Alpha beta ratio for channel 3 is 2.09
[11-21-16:56:53] root - calculate_alpha_beta_ratio - INFO    - Alpha beta ratio for channel 4 is 1.11
[11-21-16:56:53] root - calculate_alpha_beta_ratio - INFO    - Alpha beta ratio for channel 5 is 0.57
[11-21-16:56:53] root - calculate_alpha_beta_ratio - INFO    - Alpha beta ratio for channel 6 is 0.74
[11-21-16:56:53] root - calculate_alpha_beta_ratio - INFO    - Alpha beta ratio for channel 7 is 0.69
[11-21-16:56:53] root - calculate_alpha_beta_ratio - INFO    - Alpha beta ratio for channel 8 is 0.5
[11-21-16:56:53] root - calculate_alpha_beta_ratio - INFO    - Average alpha beta ratio is 1.29
[11-21-16:56:53] root - calculate_alpha_beta_ratio - INFO    - 

[11-21-16:56:54] root - calculate_alpha_beta_ratio - INFO    - ==============Timestamp 4===============
[11-21-16:56:54] root - calculate_alpha_beta_ratio - INFO    - Alpha beta ratio for channel 1 is 1.76
[11-21-16:56:54] root - calculate_alpha_beta_ratio - INFO    - Alpha beta ratio for channel 2 is 1.44
[11-21-16:56:54] root - calculate_alpha_beta_ratio - INFO    - Alpha beta ratio for channel 3 is 1.08
[11-21-16:56:54] root - calculate_alpha_beta_ratio - INFO    - Alpha beta ratio for channel 4 is 2.65
[11-21-16:56:54] root - calculate_alpha_beta_ratio - INFO    - Alpha beta ratio for channel 5 is 1.05
[11-21-16:56:54] root - calculate_alpha_beta_ratio - INFO    - Alpha beta ratio for channel 6 is 0.9
[11-21-16:56:54] root - calculate_alpha_beta_ratio - INFO    - Alpha beta ratio for channel 7 is 0.95
[11-21-16:56:54] root - calculate_alpha_beta_ratio - INFO    - Alpha beta ratio for channel 8 is 0.29
[11-21-16:56:54] root - calculate_alpha_beta_ratio - INFO    - Average alpha beta ratio is 1.26
[11-21-16:56:54] root - calculate_alpha_beta_ratio - INFO    - 

[11-21-16:56:55] root - calculate_alpha_beta_ratio - INFO    - ==============Timestamp 5===============
[11-21-16:56:55] root - calculate_alpha_beta_ratio - INFO    - Alpha beta ratio for channel 1 is 1.76
[11-21-16:56:55] root - calculate_alpha_beta_ratio - INFO    - Alpha beta ratio for channel 2 is 0.94
[11-21-16:56:55] root - calculate_alpha_beta_ratio - INFO    - Alpha beta ratio for channel 3 is 0.73
[11-21-16:56:55] root - calculate_alpha_beta_ratio - INFO    - Alpha beta ratio for channel 4 is 1.26
[11-21-16:56:55] root - calculate_alpha_beta_ratio - INFO    - Alpha beta ratio for channel 5 is 0.97
[11-21-16:56:55] root - calculate_alpha_beta_ratio - INFO    - Alpha beta ratio for channel 6 is 1.67
[11-21-16:56:55] root - calculate_alpha_beta_ratio - INFO    - Alpha beta ratio for channel 7 is 1.88
[11-21-16:56:55] root - calculate_alpha_beta_ratio - INFO    - Alpha beta ratio for channel 8 is 0.8
[11-21-16:56:55] root - calculate_alpha_beta_ratio - INFO    - Average alpha beta ratio is 1.25
[11-21-16:56:55] root - calculate_alpha_beta_ratio - INFO    - 

[11-21-16:56:56] root - calculate_alpha_beta_ratio - INFO    - ==============Timestamp 6===============
[11-21-16:56:56] root - calculate_alpha_beta_ratio - INFO    - Alpha beta ratio for channel 1 is 1.77
[11-21-16:56:56] root - calculate_alpha_beta_ratio - INFO    - Alpha beta ratio for channel 2 is 1.89
[11-21-16:56:56] root - calculate_alpha_beta_ratio - INFO    - Alpha beta ratio for channel 3 is 2.04
[11-21-16:56:56] root - calculate_alpha_beta_ratio - INFO    - Alpha beta ratio for channel 4 is 1.49
[11-21-16:56:56] root - calculate_alpha_beta_ratio - INFO    - Alpha beta ratio for channel 5 is 1.11
[11-21-16:56:56] root - calculate_alpha_beta_ratio - INFO    - Alpha beta ratio for channel 6 is 1.33
[11-21-16:56:56] root - calculate_alpha_beta_ratio - INFO    - Alpha beta ratio for channel 7 is 1.34
[11-21-16:56:56] root - calculate_alpha_beta_ratio - INFO    - Alpha beta ratio for channel 8 is 0.44
[11-21-16:56:56] root - calculate_alpha_beta_ratio - INFO    - Average alpha beta ratio is 1.43
[11-21-16:56:56] root - calculate_alpha_beta_ratio - INFO    - 

[11-21-16:56:57] root - calculate_alpha_beta_ratio - INFO    - ==============Timestamp 7===============
[11-21-16:56:57] root - calculate_alpha_beta_ratio - INFO    - Alpha beta ratio for channel 1 is 1.77
[11-21-16:56:57] root - calculate_alpha_beta_ratio - INFO    - Alpha beta ratio for channel 2 is 1.58
[11-21-16:56:57] root - calculate_alpha_beta_ratio - INFO    - Alpha beta ratio for channel 3 is 1.72
[11-21-16:56:57] root - calculate_alpha_beta_ratio - INFO    - Alpha beta ratio for channel 4 is 2.07
[11-21-16:56:57] root - calculate_alpha_beta_ratio - INFO    - Alpha beta ratio for channel 5 is 1.43
[11-21-16:56:57] root - calculate_alpha_beta_ratio - INFO    - Alpha beta ratio for channel 6 is 1.53
[11-21-16:56:57] root - calculate_alpha_beta_ratio - INFO    - Alpha beta ratio for channel 7 is 1.34
[11-21-16:56:57] root - calculate_alpha_beta_ratio - INFO    - Alpha beta ratio for channel 8 is 0.69
[11-21-16:56:57] root - calculate_alpha_beta_ratio - INFO    - Average alpha beta ratio is 1.51
[11-21-16:56:57] root - calculate_alpha_beta_ratio - INFO    - 

[11-21-16:56:58] root - calculate_alpha_beta_ratio - INFO    - ==============Timestamp 8===============
[11-21-16:56:58] root - calculate_alpha_beta_ratio - INFO    - Alpha beta ratio for channel 1 is 1.77
[11-21-16:56:58] root - calculate_alpha_beta_ratio - INFO    - Alpha beta ratio for channel 2 is 2.82
[11-21-16:56:58] root - calculate_alpha_beta_ratio - INFO    - Alpha beta ratio for channel 3 is 2.0
[11-21-16:56:58] root - calculate_alpha_beta_ratio - INFO    - Alpha beta ratio for channel 4 is 2.54
[11-21-16:56:58] root - calculate_alpha_beta_ratio - INFO    - Alpha beta ratio for channel 5 is 1.3
[11-21-16:56:58] root - calculate_alpha_beta_ratio - INFO    - Alpha beta ratio for channel 6 is 1.18
[11-21-16:56:58] root - calculate_alpha_beta_ratio - INFO    - Alpha beta ratio for channel 7 is 0.84
[11-21-16:56:58] root - calculate_alpha_beta_ratio - INFO    - Alpha beta ratio for channel 8 is 0.69
[11-21-16:56:58] root - calculate_alpha_beta_ratio - INFO    - Average alpha beta ratio is 1.64
[11-21-16:56:58] root - calculate_alpha_beta_ratio - INFO    - 

[11-21-16:56:59] root - calculate_alpha_beta_ratio - INFO    - ==============Timestamp 9===============
[11-21-16:56:59] root - calculate_alpha_beta_ratio - INFO    - Alpha beta ratio for channel 1 is 1.77
[11-21-16:56:59] root - calculate_alpha_beta_ratio - INFO    - Alpha beta ratio for channel 2 is 2.9
[11-21-16:56:59] root - calculate_alpha_beta_ratio - INFO    - Alpha beta ratio for channel 3 is 3.18
[11-21-16:56:59] root - calculate_alpha_beta_ratio - INFO    - Alpha beta ratio for channel 4 is 2.59
[11-21-16:56:59] root - calculate_alpha_beta_ratio - INFO    - Alpha beta ratio for channel 5 is 3.03
[11-21-16:56:59] root - calculate_alpha_beta_ratio - INFO    - Alpha beta ratio for channel 6 is 2.54
[11-21-16:56:59] root - calculate_alpha_beta_ratio - INFO    - Alpha beta ratio for channel 7 is 2.52
[11-21-16:56:59] root - calculate_alpha_beta_ratio - INFO    - Alpha beta ratio for channel 8 is 1.48
[11-21-16:56:59] root - calculate_alpha_beta_ratio - INFO    - Average alpha beta ratio is 2.5
[11-21-16:56:59] root - calculate_alpha_beta_ratio - INFO    - 

[11-21-16:57:00] root - calculate_alpha_beta_ratio - INFO    - ==============Timestamp 10==============
[11-21-16:57:00] root - calculate_alpha_beta_ratio - INFO    - Alpha beta ratio for channel 1 is 1.77
[11-21-16:57:00] root - calculate_alpha_beta_ratio - INFO    - Alpha beta ratio for channel 2 is 3.71
[11-21-16:57:00] root - calculate_alpha_beta_ratio - INFO    - Alpha beta ratio for channel 3 is 3.32
[11-21-16:57:00] root - calculate_alpha_beta_ratio - INFO    - Alpha beta ratio for channel 4 is 2.03
[11-21-16:57:00] root - calculate_alpha_beta_ratio - INFO    - Alpha beta ratio for channel 5 is 1.37
[11-21-16:57:00] root - calculate_alpha_beta_ratio - INFO    - Alpha beta ratio for channel 6 is 0.86
[11-21-16:57:00] root - calculate_alpha_beta_ratio - INFO    - Alpha beta ratio for channel 7 is 1.46
[11-21-16:57:00] root - calculate_alpha_beta_ratio - INFO    - Alpha beta ratio for channel 8 is 0.42
[11-21-16:57:00] root - calculate_alpha_beta_ratio - INFO    - Average alpha beta ratio is 1.87
[11-21-16:57:00] root - calculate_alpha_beta_ratio - INFO    - 

[11-21-16:57:01] root - calculate_alpha_beta_ratio - INFO    - ==============Timestamp 11==============
[11-21-16:57:01] root - calculate_alpha_beta_ratio - INFO    - Alpha beta ratio for channel 1 is 1.77
[11-21-16:57:01] root - calculate_alpha_beta_ratio - INFO    - Alpha beta ratio for channel 2 is 0.67
[11-21-16:57:01] root - calculate_alpha_beta_ratio - INFO    - Alpha beta ratio for channel 3 is 0.72
[11-21-16:57:01] root - calculate_alpha_beta_ratio - INFO    - Alpha beta ratio for channel 4 is 1.09
[11-21-16:57:01] root - calculate_alpha_beta_ratio - INFO    - Alpha beta ratio for channel 5 is 0.78
[11-21-16:57:01] root - calculate_alpha_beta_ratio - INFO    - Alpha beta ratio for channel 6 is 1.06
[11-21-16:57:01] root - calculate_alpha_beta_ratio - INFO    - Alpha beta ratio for channel 7 is 1.21
[11-21-16:57:01] root - calculate_alpha_beta_ratio - INFO    - Alpha beta ratio for channel 8 is 0.45
[11-21-16:57:01] root - calculate_alpha_beta_ratio - INFO    - Average alpha beta ratio is 0.97
[11-21-16:57:01] root - calculate_alpha_beta_ratio - INFO    - 

[11-21-16:57:02] root - calculate_alpha_beta_ratio - INFO    - ==============Timestamp 12==============
[11-21-16:57:02] root - calculate_alpha_beta_ratio - INFO    - Alpha beta ratio for channel 1 is 1.77
[11-21-16:57:02] root - calculate_alpha_beta_ratio - INFO    - Alpha beta ratio for channel 2 is 0.82
[11-21-16:57:02] root - calculate_alpha_beta_ratio - INFO    - Alpha beta ratio for channel 3 is 0.99
[11-21-16:57:02] root - calculate_alpha_beta_ratio - INFO    - Alpha beta ratio for channel 4 is 1.0
[11-21-16:57:02] root - calculate_alpha_beta_ratio - INFO    - Alpha beta ratio for channel 5 is 0.78
[11-21-16:57:02] root - calculate_alpha_beta_ratio - INFO    - Alpha beta ratio for channel 6 is 0.68
[11-21-16:57:02] root - calculate_alpha_beta_ratio - INFO    - Alpha beta ratio for channel 7 is 0.99
[11-21-16:57:02] root - calculate_alpha_beta_ratio - INFO    - Alpha beta ratio for channel 8 is 0.58
[11-21-16:57:02] root - calculate_alpha_beta_ratio - INFO    - Average alpha beta ratio is 0.95
[11-21-16:57:02] root - calculate_alpha_beta_ratio - INFO    - 

[11-21-16:57:03] root - calculate_alpha_beta_ratio - INFO    - ==============Timestamp 13==============
[11-21-16:57:03] root - calculate_alpha_beta_ratio - INFO    - Alpha beta ratio for channel 1 is 1.76
[11-21-16:57:03] root - calculate_alpha_beta_ratio - INFO    - Alpha beta ratio for channel 2 is 1.29
[11-21-16:57:03] root - calculate_alpha_beta_ratio - INFO    - Alpha beta ratio for channel 3 is 0.94
[11-21-16:57:03] root - calculate_alpha_beta_ratio - INFO    - Alpha beta ratio for channel 4 is 1.66
[11-21-16:57:03] root - calculate_alpha_beta_ratio - INFO    - Alpha beta ratio for channel 5 is 0.96
[11-21-16:57:03] root - calculate_alpha_beta_ratio - INFO    - Alpha beta ratio for channel 6 is 1.15
[11-21-16:57:03] root - calculate_alpha_beta_ratio - INFO    - Alpha beta ratio for channel 7 is 2.03
[11-21-16:57:03] root - calculate_alpha_beta_ratio - INFO    - Alpha beta ratio for channel 8 is 1.1
[11-21-16:57:03] root - calculate_alpha_beta_ratio - INFO    - Average alpha beta ratio is 1.36
[11-21-16:57:03] root - calculate_alpha_beta_ratio - INFO    - 

[11-21-16:57:04] root - calculate_alpha_beta_ratio - INFO    - ==============Timestamp 14==============
[11-21-16:57:04] root - calculate_alpha_beta_ratio - INFO    - Alpha beta ratio for channel 1 is 1.76
[11-21-16:57:04] root - calculate_alpha_beta_ratio - INFO    - Alpha beta ratio for channel 2 is 2.66
[11-21-16:57:04] root - calculate_alpha_beta_ratio - INFO    - Alpha beta ratio for channel 3 is 2.31
[11-21-16:57:04] root - calculate_alpha_beta_ratio - INFO    - Alpha beta ratio for channel 4 is 1.28
[11-21-16:57:04] root - calculate_alpha_beta_ratio - INFO    - Alpha beta ratio for channel 5 is 1.37
[11-21-16:57:04] root - calculate_alpha_beta_ratio - INFO    - Alpha beta ratio for channel 6 is 0.64
[11-21-16:57:04] root - calculate_alpha_beta_ratio - INFO    - Alpha beta ratio for channel 7 is 0.53
[11-21-16:57:04] root - calculate_alpha_beta_ratio - INFO    - Alpha beta ratio for channel 8 is 0.52
[11-21-16:57:04] root - calculate_alpha_beta_ratio - INFO    - Average alpha beta ratio is 1.38
[11-21-16:57:04] root - calculate_alpha_beta_ratio - INFO    - 

[11-21-16:57:05] root - calculate_alpha_beta_ratio - INFO    - ==============Timestamp 15==============
[11-21-16:57:05] root - calculate_alpha_beta_ratio - INFO    - Alpha beta ratio for channel 1 is 1.76
[11-21-16:57:05] root - calculate_alpha_beta_ratio - INFO    - Alpha beta ratio for channel 2 is 1.15
[11-21-16:57:05] root - calculate_alpha_beta_ratio - INFO    - Alpha beta ratio for channel 3 is 1.45
[11-21-16:57:05] root - calculate_alpha_beta_ratio - INFO    - Alpha beta ratio for channel 4 is 1.34
[11-21-16:57:05] root - calculate_alpha_beta_ratio - INFO    - Alpha beta ratio for channel 5 is 0.68
[11-21-16:57:05] root - calculate_alpha_beta_ratio - INFO    - Alpha beta ratio for channel 6 is 1.24
[11-21-16:57:05] root - calculate_alpha_beta_ratio - INFO    - Alpha beta ratio for channel 7 is 0.76
[11-21-16:57:05] root - calculate_alpha_beta_ratio - INFO    - Alpha beta ratio for channel 8 is 0.54
[11-21-16:57:05] root - calculate_alpha_beta_ratio - INFO    - Average alpha beta ratio is 1.12
[11-21-16:57:05] root - calculate_alpha_beta_ratio - INFO    - 

[11-21-16:57:06] root - calculate_alpha_beta_ratio - INFO    - ==============Timestamp 16==============
[11-21-16:57:06] root - calculate_alpha_beta_ratio - INFO    - Alpha beta ratio for channel 1 is 1.76
[11-21-16:57:06] root - calculate_alpha_beta_ratio - INFO    - Alpha beta ratio for channel 2 is 0.92
[11-21-16:57:06] root - calculate_alpha_beta_ratio - INFO    - Alpha beta ratio for channel 3 is 0.48
[11-21-16:57:06] root - calculate_alpha_beta_ratio - INFO    - Alpha beta ratio for channel 4 is 1.58
[11-21-16:57:06] root - calculate_alpha_beta_ratio - INFO    - Alpha beta ratio for channel 5 is 0.47
[11-21-16:57:06] root - calculate_alpha_beta_ratio - INFO    - Alpha beta ratio for channel 6 is 0.6
[11-21-16:57:06] root - calculate_alpha_beta_ratio - INFO    - Alpha beta ratio for channel 7 is 0.74
[11-21-16:57:06] root - calculate_alpha_beta_ratio - INFO    - Alpha beta ratio for channel 8 is 0.6
[11-21-16:57:06] root - calculate_alpha_beta_ratio - INFO    - Average alpha beta ratio is 0.89
[11-21-16:57:06] root - calculate_alpha_beta_ratio - INFO    - 

[11-21-16:57:07] root - calculate_alpha_beta_ratio - INFO    - ==============Timestamp 17==============
[11-21-16:57:07] root - calculate_alpha_beta_ratio - INFO    - Alpha beta ratio for channel 1 is 1.76
[11-21-16:57:07] root - calculate_alpha_beta_ratio - INFO    - Alpha beta ratio for channel 2 is 0.96
[11-21-16:57:07] root - calculate_alpha_beta_ratio - INFO    - Alpha beta ratio for channel 3 is 1.66
[11-21-16:57:07] root - calculate_alpha_beta_ratio - INFO    - Alpha beta ratio for channel 4 is 1.26
[11-21-16:57:07] root - calculate_alpha_beta_ratio - INFO    - Alpha beta ratio for channel 5 is 1.05
[11-21-16:57:07] root - calculate_alpha_beta_ratio - INFO    - Alpha beta ratio for channel 6 is 0.71
[11-21-16:57:07] root - calculate_alpha_beta_ratio - INFO    - Alpha beta ratio for channel 7 is 1.77
[11-21-16:57:07] root - calculate_alpha_beta_ratio - INFO    - Alpha beta ratio for channel 8 is 0.35
[11-21-16:57:07] root - calculate_alpha_beta_ratio - INFO    - Average alpha beta ratio is 1.19
[11-21-16:57:07] root - calculate_alpha_beta_ratio - INFO    - 

[11-21-16:57:08] root - calculate_alpha_beta_ratio - INFO    - ==============Timestamp 18==============
[11-21-16:57:08] root - calculate_alpha_beta_ratio - INFO    - Alpha beta ratio for channel 1 is 1.77
[11-21-16:57:08] root - calculate_alpha_beta_ratio - INFO    - Alpha beta ratio for channel 2 is 7.46
[11-21-16:57:08] root - calculate_alpha_beta_ratio - INFO    - Alpha beta ratio for channel 3 is 4.85
[11-21-16:57:08] root - calculate_alpha_beta_ratio - INFO    - Alpha beta ratio for channel 4 is 1.29
[11-21-16:57:08] root - calculate_alpha_beta_ratio - INFO    - Alpha beta ratio for channel 5 is 1.67
[11-21-16:57:08] root - calculate_alpha_beta_ratio - INFO    - Alpha beta ratio for channel 6 is 0.83
[11-21-16:57:08] root - calculate_alpha_beta_ratio - INFO    - Alpha beta ratio for channel 7 is 0.98
[11-21-16:57:08] root - calculate_alpha_beta_ratio - INFO    - Alpha beta ratio for channel 8 is 0.39
[11-21-16:57:08] root - calculate_alpha_beta_ratio - INFO    - Average alpha beta ratio is 2.4
[11-21-16:57:08] root - calculate_alpha_beta_ratio - INFO    - 

[11-21-16:57:09] root - calculate_alpha_beta_ratio - INFO    - ==============Timestamp 19==============
[11-21-16:57:09] root - calculate_alpha_beta_ratio - INFO    - Alpha beta ratio for channel 1 is 1.77
[11-21-16:57:09] root - calculate_alpha_beta_ratio - INFO    - Alpha beta ratio for channel 2 is 3.21
[11-21-16:57:09] root - calculate_alpha_beta_ratio - INFO    - Alpha beta ratio for channel 3 is 2.38
[11-21-16:57:09] root - calculate_alpha_beta_ratio - INFO    - Alpha beta ratio for channel 4 is 1.09
[11-21-16:57:09] root - calculate_alpha_beta_ratio - INFO    - Alpha beta ratio for channel 5 is 1.77
[11-21-16:57:09] root - calculate_alpha_beta_ratio - INFO    - Alpha beta ratio for channel 6 is 1.81
[11-21-16:57:09] root - calculate_alpha_beta_ratio - INFO    - Alpha beta ratio for channel 7 is 1.9
[11-21-16:57:09] root - calculate_alpha_beta_ratio - INFO    - Alpha beta ratio for channel 8 is 1.78
[11-21-16:57:09] root - calculate_alpha_beta_ratio - INFO    - Average alpha beta ratio is 1.96
[11-21-16:57:09] root - calculate_alpha_beta_ratio - INFO    - 

[11-21-16:57:10] root - calculate_alpha_beta_ratio - INFO    - ==============Timestamp 20==============
[11-21-16:57:10] root - calculate_alpha_beta_ratio - INFO    - Alpha beta ratio for channel 1 is 1.77
[11-21-16:57:10] root - calculate_alpha_beta_ratio - INFO    - Alpha beta ratio for channel 2 is 1.8
[11-21-16:57:10] root - calculate_alpha_beta_ratio - INFO    - Alpha beta ratio for channel 3 is 1.86
[11-21-16:57:10] root - calculate_alpha_beta_ratio - INFO    - Alpha beta ratio for channel 4 is 2.06
[11-21-16:57:10] root - calculate_alpha_beta_ratio - INFO    - Alpha beta ratio for channel 5 is 0.9
[11-21-16:57:10] root - calculate_alpha_beta_ratio - INFO    - Alpha beta ratio for channel 6 is 1.25
[11-21-16:57:10] root - calculate_alpha_beta_ratio - INFO    - Alpha beta ratio for channel 7 is 0.81
[11-21-16:57:10] root - calculate_alpha_beta_ratio - INFO    - Alpha beta ratio for channel 8 is 0.53
[11-21-16:57:10] root - calculate_alpha_beta_ratio - INFO    - Average alpha beta ratio is 1.37
[11-21-16:57:10] root - calculate_alpha_beta_ratio - INFO    - 

[11-21-16:57:11] root - calculate_alpha_beta_ratio - INFO    - ==============Timestamp 21==============
[11-21-16:57:11] root - calculate_alpha_beta_ratio - INFO    - Alpha beta ratio for channel 1 is 1.77
[11-21-16:57:11] root - calculate_alpha_beta_ratio - INFO    - Alpha beta ratio for channel 2 is 0.99
[11-21-16:57:11] root - calculate_alpha_beta_ratio - INFO    - Alpha beta ratio for channel 3 is 0.67
[11-21-16:57:11] root - calculate_alpha_beta_ratio - INFO    - Alpha beta ratio for channel 4 is 0.64
[11-21-16:57:11] root - calculate_alpha_beta_ratio - INFO    - Alpha beta ratio for channel 5 is 0.41
[11-21-16:57:11] root - calculate_alpha_beta_ratio - INFO    - Alpha beta ratio for channel 6 is 0.42
[11-21-16:57:11] root - calculate_alpha_beta_ratio - INFO    - Alpha beta ratio for channel 7 is 5.33
[11-21-16:57:11] root - calculate_alpha_beta_ratio - INFO    - Alpha beta ratio for channel 8 is 0.72
[11-21-16:57:11] root - calculate_alpha_beta_ratio - INFO    - Average alpha beta ratio is 1.37
[11-21-16:57:11] root - calculate_alpha_beta_ratio - INFO    - 

[11-21-16:57:12] root - calculate_alpha_beta_ratio - INFO    - ==============Timestamp 22==============
[11-21-16:57:12] root - calculate_alpha_beta_ratio - INFO    - Alpha beta ratio for channel 1 is 1.77
[11-21-16:57:12] root - calculate_alpha_beta_ratio - INFO    - Alpha beta ratio for channel 2 is 4.74
[11-21-16:57:12] root - calculate_alpha_beta_ratio - INFO    - Alpha beta ratio for channel 3 is 3.84
[11-21-16:57:12] root - calculate_alpha_beta_ratio - INFO    - Alpha beta ratio for channel 4 is 0.75
[11-21-16:57:12] root - calculate_alpha_beta_ratio - INFO    - Alpha beta ratio for channel 5 is 0.22
[11-21-16:57:12] root - calculate_alpha_beta_ratio - INFO    - Alpha beta ratio for channel 6 is 0.43
[11-21-16:57:12] root - calculate_alpha_beta_ratio - INFO    - Alpha beta ratio for channel 7 is 0.53
[11-21-16:57:12] root - calculate_alpha_beta_ratio - INFO    - Alpha beta ratio for channel 8 is 0.24
[11-21-16:57:12] root - calculate_alpha_beta_ratio - INFO    - Average alpha beta ratio is 1.56
[11-21-16:57:12] root - calculate_alpha_beta_ratio - INFO    - 

[11-21-16:57:13] root - calculate_alpha_beta_ratio - INFO    - ==============Timestamp 23==============
[11-21-16:57:13] root - calculate_alpha_beta_ratio - INFO    - Alpha beta ratio for channel 1 is 1.77
[11-21-16:57:13] root - calculate_alpha_beta_ratio - INFO    - Alpha beta ratio for channel 2 is 1.94
[11-21-16:57:13] root - calculate_alpha_beta_ratio - INFO    - Alpha beta ratio for channel 3 is 2.04
[11-21-16:57:13] root - calculate_alpha_beta_ratio - INFO    - Alpha beta ratio for channel 4 is 2.33
[11-21-16:57:13] root - calculate_alpha_beta_ratio - INFO    - Alpha beta ratio for channel 5 is 1.31
[11-21-16:57:13] root - calculate_alpha_beta_ratio - INFO    - Alpha beta ratio for channel 6 is 1.17
[11-21-16:57:13] root - calculate_alpha_beta_ratio - INFO    - Alpha beta ratio for channel 7 is 5.76
[11-21-16:57:13] root - calculate_alpha_beta_ratio - INFO    - Alpha beta ratio for channel 8 is 0.69
[11-21-16:57:13] root - calculate_alpha_beta_ratio - INFO    - Average alpha beta ratio is 2.13
[11-21-16:57:13] root - calculate_alpha_beta_ratio - INFO    - 

[11-21-16:57:14] root - calculate_alpha_beta_ratio - INFO    - ==============Timestamp 24==============
[11-21-16:57:14] root - calculate_alpha_beta_ratio - INFO    - Alpha beta ratio for channel 1 is 1.76
[11-21-16:57:14] root - calculate_alpha_beta_ratio - INFO    - Alpha beta ratio for channel 2 is 1.74
[11-21-16:57:14] root - calculate_alpha_beta_ratio - INFO    - Alpha beta ratio for channel 3 is 1.74
[11-21-16:57:14] root - calculate_alpha_beta_ratio - INFO    - Alpha beta ratio for channel 4 is 1.48
[11-21-16:57:14] root - calculate_alpha_beta_ratio - INFO    - Alpha beta ratio for channel 5 is 1.39
[11-21-16:57:14] root - calculate_alpha_beta_ratio - INFO    - Alpha beta ratio for channel 6 is 1.14
[11-21-16:57:14] root - calculate_alpha_beta_ratio - INFO    - Alpha beta ratio for channel 7 is 1.02
[11-21-16:57:14] root - calculate_alpha_beta_ratio - INFO    - Alpha beta ratio for channel 8 is 0.36
[11-21-16:57:14] root - calculate_alpha_beta_ratio - INFO    - Average alpha beta ratio is 1.33
[11-21-16:57:14] root - calculate_alpha_beta_ratio - INFO    - 

[11-21-16:57:15] root - calculate_alpha_beta_ratio - INFO    - ==============Timestamp 25==============
[11-21-16:57:15] root - calculate_alpha_beta_ratio - INFO    - Alpha beta ratio for channel 1 is 1.76
[11-21-16:57:15] root - calculate_alpha_beta_ratio - INFO    - Alpha beta ratio for channel 2 is 2.96
[11-21-16:57:15] root - calculate_alpha_beta_ratio - INFO    - Alpha beta ratio for channel 3 is 2.56
[11-21-16:57:15] root - calculate_alpha_beta_ratio - INFO    - Alpha beta ratio for channel 4 is 3.41
[11-21-16:57:15] root - calculate_alpha_beta_ratio - INFO    - Alpha beta ratio for channel 5 is 2.88
[11-21-16:57:15] root - calculate_alpha_beta_ratio - INFO    - Alpha beta ratio for channel 6 is 2.01
[11-21-16:57:15] root - calculate_alpha_beta_ratio - INFO    - Alpha beta ratio for channel 7 is 3.21
[11-21-16:57:15] root - calculate_alpha_beta_ratio - INFO    - Alpha beta ratio for channel 8 is 1.65
[11-21-16:57:15] root - calculate_alpha_beta_ratio - INFO    - Average alpha beta ratio is 2.56
[11-21-16:57:15] root - calculate_alpha_beta_ratio - INFO    - 

[11-21-16:57:16] root - calculate_alpha_beta_ratio - INFO    - ==============Timestamp 26==============
[11-21-16:57:16] root - calculate_alpha_beta_ratio - INFO    - Alpha beta ratio for channel 1 is 1.76
[11-21-16:57:16] root - calculate_alpha_beta_ratio - INFO    - Alpha beta ratio for channel 2 is 2.18
[11-21-16:57:16] root - calculate_alpha_beta_ratio - INFO    - Alpha beta ratio for channel 3 is 2.81
[11-21-16:57:16] root - calculate_alpha_beta_ratio - INFO    - Alpha beta ratio for channel 4 is 1.53
[11-21-16:57:16] root - calculate_alpha_beta_ratio - INFO    - Alpha beta ratio for channel 5 is 1.13
[11-21-16:57:16] root - calculate_alpha_beta_ratio - INFO    - Alpha beta ratio for channel 6 is 2.16
[11-21-16:57:16] root - calculate_alpha_beta_ratio - INFO    - Alpha beta ratio for channel 7 is 2.66
[11-21-16:57:16] root - calculate_alpha_beta_ratio - INFO    - Alpha beta ratio for channel 8 is 0.56
[11-21-16:57:16] root - calculate_alpha_beta_ratio - INFO    - Average alpha beta ratio is 1.85
[11-21-16:57:16] root - calculate_alpha_beta_ratio - INFO    - 

[11-21-16:57:17] root - calculate_alpha_beta_ratio - INFO    - ==============Timestamp 27==============
[11-21-16:57:17] root - calculate_alpha_beta_ratio - INFO    - Alpha beta ratio for channel 1 is 1.77
[11-21-16:57:17] root - calculate_alpha_beta_ratio - INFO    - Alpha beta ratio for channel 2 is 2.18
[11-21-16:57:17] root - calculate_alpha_beta_ratio - INFO    - Alpha beta ratio for channel 3 is 3.74
[11-21-16:57:17] root - calculate_alpha_beta_ratio - INFO    - Alpha beta ratio for channel 4 is 2.42
[11-21-16:57:17] root - calculate_alpha_beta_ratio - INFO    - Alpha beta ratio for channel 5 is 2.4
[11-21-16:57:17] root - calculate_alpha_beta_ratio - INFO    - Alpha beta ratio for channel 6 is 3.35
[11-21-16:57:17] root - calculate_alpha_beta_ratio - INFO    - Alpha beta ratio for channel 7 is 7.14
[11-21-16:57:17] root - calculate_alpha_beta_ratio - INFO    - Alpha beta ratio for channel 8 is 1.22
[11-21-16:57:17] root - calculate_alpha_beta_ratio - INFO    - Average alpha beta ratio is 3.03
[11-21-16:57:17] root - calculate_alpha_beta_ratio - INFO    - 

[11-21-16:57:18] root - calculate_alpha_beta_ratio - INFO    - ==============Timestamp 28==============
[11-21-16:57:18] root - calculate_alpha_beta_ratio - INFO    - Alpha beta ratio for channel 1 is 1.77
[11-21-16:57:18] root - calculate_alpha_beta_ratio - INFO    - Alpha beta ratio for channel 2 is 1.94
[11-21-16:57:18] root - calculate_alpha_beta_ratio - INFO    - Alpha beta ratio for channel 3 is 2.8
[11-21-16:57:18] root - calculate_alpha_beta_ratio - INFO    - Alpha beta ratio for channel 4 is 2.1
[11-21-16:57:18] root - calculate_alpha_beta_ratio - INFO    - Alpha beta ratio for channel 5 is 1.48
[11-21-16:57:18] root - calculate_alpha_beta_ratio - INFO    - Alpha beta ratio for channel 6 is 1.59
[11-21-16:57:18] root - calculate_alpha_beta_ratio - INFO    - Alpha beta ratio for channel 7 is 1.86
[11-21-16:57:18] root - calculate_alpha_beta_ratio - INFO    - Alpha beta ratio for channel 8 is 0.43
[11-21-16:57:18] root - calculate_alpha_beta_ratio - INFO    - Average alpha beta ratio is 1.74
[11-21-16:57:18] root - calculate_alpha_beta_ratio - INFO    - 

[11-21-16:57:19] root - calculate_alpha_beta_ratio - INFO    - ==============Timestamp 29==============
[11-21-16:57:19] root - calculate_alpha_beta_ratio - INFO    - Alpha beta ratio for channel 1 is 1.77
[11-21-16:57:19] root - calculate_alpha_beta_ratio - INFO    - Alpha beta ratio for channel 2 is 1.39
[11-21-16:57:19] root - calculate_alpha_beta_ratio - INFO    - Alpha beta ratio for channel 3 is 2.99
[11-21-16:57:19] root - calculate_alpha_beta_ratio - INFO    - Alpha beta ratio for channel 4 is 1.43
[11-21-16:57:19] root - calculate_alpha_beta_ratio - INFO    - Alpha beta ratio for channel 5 is 1.23
[11-21-16:57:19] root - calculate_alpha_beta_ratio - INFO    - Alpha beta ratio for channel 6 is 0.99
[11-21-16:57:19] root - calculate_alpha_beta_ratio - INFO    - Alpha beta ratio for channel 7 is 2.29
[11-21-16:57:19] root - calculate_alpha_beta_ratio - INFO    - Alpha beta ratio for channel 8 is 0.17
[11-21-16:57:19] root - calculate_alpha_beta_ratio - INFO    - Average alpha beta ratio is 1.53
[11-21-16:57:19] root - calculate_alpha_beta_ratio - INFO    - 

[11-21-16:57:20] root - calculate_alpha_beta_ratio - INFO    - ==============Timestamp 30==============
[11-21-16:57:20] root - calculate_alpha_beta_ratio - INFO    - Alpha beta ratio for channel 1 is 1.77
[11-21-16:57:20] root - calculate_alpha_beta_ratio - INFO    - Alpha beta ratio for channel 2 is 1.24
[11-21-16:57:20] root - calculate_alpha_beta_ratio - INFO    - Alpha beta ratio for channel 3 is 0.93
[11-21-16:57:20] root - calculate_alpha_beta_ratio - INFO    - Alpha beta ratio for channel 4 is 1.47
[11-21-16:57:20] root - calculate_alpha_beta_ratio - INFO    - Alpha beta ratio for channel 5 is 0.91
[11-21-16:57:20] root - calculate_alpha_beta_ratio - INFO    - Alpha beta ratio for channel 6 is 1.58
[11-21-16:57:20] root - calculate_alpha_beta_ratio - INFO    - Alpha beta ratio for channel 7 is 1.47
[11-21-16:57:20] root - calculate_alpha_beta_ratio - INFO    - Alpha beta ratio for channel 8 is 0.7
[11-21-16:57:20] root - calculate_alpha_beta_ratio - INFO    - Average alpha beta ratio is 1.26
[11-21-16:57:20] root - calculate_alpha_beta_ratio - INFO    - 

