2023-11-19 14:38:20.113854: I tensorflow/core/platform/cpu_feature_guard.cc:182] This TensorFlow binary is optimized to use available CPU instructions in performance-critical operations.
To enable the following instructions: SSE4.1 SSE4.2, in other operations, rebuild TensorFlow with the appropriate compiler flags.
(12, 11, 36, 1)
(4, 11, 36, 1)
WARNING:absl:`lr` is deprecated in Keras optimizer, please use `learning_rate` or use the legacy optimizer, e.g.,tf.keras.optimizers.legacy.Adam.
Epoch 1/10
1/1 [==============================] - 1s 934ms/step - loss: 1.0643 - accuracy: 0.4167 - val_loss: 1.1129 - val_accuracy: 0.2500
Epoch 2/10
1/1 [==============================] - 0s 28ms/step - loss: 0.9290 - accuracy: 0.4167 - val_loss: 0.9722 - val_accuracy: 0.2500
Epoch 3/10
1/1 [==============================] - 0s 27ms/step - loss: 0.8060 - accuracy: 0.4167 - val_loss: 0.8472 - val_accuracy: 0.2500
Epoch 4/10
1/1 [==============================] - 0s 27ms/step - loss: 0.6965 - accuracy: 0.4167 - val_loss: 0.7521 - val_accuracy: 0.2500
Epoch 5/10
1/1 [==============================] - 0s 27ms/step - loss: 0.6009 - accuracy: 0.4167 - val_loss: 0.6843 - val_accuracy: 0.2500
Epoch 6/10
1/1 [==============================] - 0s 26ms/step - loss: 0.5345 - accuracy: 0.4167 - val_loss: 0.6080 - val_accuracy: 0.2500
Epoch 7/10
1/1 [==============================] - 0s 27ms/step - loss: 0.4742 - accuracy: 0.4167 - val_loss: 0.5454 - val_accuracy: 0.7500
Epoch 8/10
1/1 [==============================] - 0s 28ms/step - loss: 0.4348 - accuracy: 1.0000 - val_loss: 0.5000 - val_accuracy: 1.0000
Epoch 9/10
1/1 [==============================] - 0s 28ms/step - loss: 0.4057 - accuracy: 1.0000 - val_loss: 0.4643 - val_accuracy: 1.0000
Epoch 10/10
1/1 [==============================] - 0s 29ms/step - loss: 0.3819 - accuracy: 1.0000 - val_loss: 0.4344 - val_accuracy: 1.0000
1/1 [==============================] - 0s 115ms/step
test accuracy: 1.0