[11-16-15:15:40] root - calculate_alpha_beta_ratio - INFO    - ==============Timestamp 0===============
[11-16-15:15:40] root - calculate_alpha_beta_ratio - INFO    - Alpha beta ratio for channel 1 is 1.77
[11-16-15:15:40] root - calculate_alpha_beta_ratio - INFO    - Alpha beta ratio for channel 2 is 3.64
[11-16-15:15:40] root - calculate_alpha_beta_ratio - INFO    - Alpha beta ratio for channel 3 is 3.06
[11-16-15:15:40] root - calculate_alpha_beta_ratio - INFO    - Alpha beta ratio for channel 4 is 1.09
[11-16-15:15:40] root - calculate_alpha_beta_ratio - INFO    - Alpha beta ratio for channel 5 is 0.82
[11-16-15:15:40] root - calculate_alpha_beta_ratio - INFO    - Alpha beta ratio for channel 6 is 0.89
[11-16-15:15:40] root - calculate_alpha_beta_ratio - INFO    - Alpha beta ratio for channel 7 is 0.46
[11-16-15:15:40] root - calculate_alpha_beta_ratio - INFO    - Alpha beta ratio for channel 8 is 0.79
[11-16-15:15:40] root - calculate_alpha_beta_ratio - INFO    - Average alpha beta ratio is 1.56
[11-16-15:15:40] root - calculate_alpha_beta_ratio - INFO    - 

[11-16-15:15:41] root - calculate_alpha_beta_ratio - INFO    - ==============Timestamp 1===============
[11-16-15:15:41] root - calculate_alpha_beta_ratio - INFO    - Alpha beta ratio for channel 1 is 1.75
[11-16-15:15:41] root - calculate_alpha_beta_ratio - INFO    - Alpha beta ratio for channel 2 is 1.0
[11-16-15:15:41] root - calculate_alpha_beta_ratio - INFO    - Alpha beta ratio for channel 3 is 2.15
[11-16-15:15:41] root - calculate_alpha_beta_ratio - INFO    - Alpha beta ratio for channel 4 is 1.29
[11-16-15:15:41] root - calculate_alpha_beta_ratio - INFO    - Alpha beta ratio for channel 5 is 0.87
[11-16-15:15:41] root - calculate_alpha_beta_ratio - INFO    - Alpha beta ratio for channel 6 is 1.34
[11-16-15:15:41] root - calculate_alpha_beta_ratio - INFO    - Alpha beta ratio for channel 7 is 0.49
[11-16-15:15:41] root - calculate_alpha_beta_ratio - INFO    - Alpha beta ratio for channel 8 is 0.76
[11-16-15:15:41] root - calculate_alpha_beta_ratio - INFO    - Average alpha beta ratio is 1.21
[11-16-15:15:41] root - calculate_alpha_beta_ratio - INFO    - 

[11-16-15:15:42] root - calculate_alpha_beta_ratio - INFO    - ==============Timestamp 2===============
[11-16-15:15:42] root - calculate_alpha_beta_ratio - INFO    - Alpha beta ratio for channel 1 is 1.75
[11-16-15:15:42] root - calculate_alpha_beta_ratio - INFO    - Alpha beta ratio for channel 2 is 0.65
[11-16-15:15:42] root - calculate_alpha_beta_ratio - INFO    - Alpha beta ratio for channel 3 is 0.46
[11-16-15:15:42] root - calculate_alpha_beta_ratio - INFO    - Alpha beta ratio for channel 4 is 1.02
[11-16-15:15:42] root - calculate_alpha_beta_ratio - INFO    - Alpha beta ratio for channel 5 is 0.51
[11-16-15:15:42] root - calculate_alpha_beta_ratio - INFO    - Alpha beta ratio for channel 6 is 1.01
[11-16-15:15:42] root - calculate_alpha_beta_ratio - INFO    - Alpha beta ratio for channel 7 is 1.51
[11-16-15:15:42] root - calculate_alpha_beta_ratio - INFO    - Alpha beta ratio for channel 8 is 1.1
[11-16-15:15:42] root - calculate_alpha_beta_ratio - INFO    - Average alpha beta ratio is 1.0
[11-16-15:15:42] root - calculate_alpha_beta_ratio - INFO    - 

[11-16-15:15:43] root - calculate_alpha_beta_ratio - INFO    - ==============Timestamp 3===============
[11-16-15:15:43] root - calculate_alpha_beta_ratio - INFO    - Alpha beta ratio for channel 1 is 1.75
[11-16-15:15:43] root - calculate_alpha_beta_ratio - INFO    - Alpha beta ratio for channel 2 is 1.05
[11-16-15:15:43] root - calculate_alpha_beta_ratio - INFO    - Alpha beta ratio for channel 3 is 0.66
[11-16-15:15:43] root - calculate_alpha_beta_ratio - INFO    - Alpha beta ratio for channel 4 is 0.92
[11-16-15:15:43] root - calculate_alpha_beta_ratio - INFO    - Alpha beta ratio for channel 5 is 2.0
[11-16-15:15:43] root - calculate_alpha_beta_ratio - INFO    - Alpha beta ratio for channel 6 is 0.63
[11-16-15:15:43] root - calculate_alpha_beta_ratio - INFO    - Alpha beta ratio for channel 7 is 0.62
[11-16-15:15:43] root - calculate_alpha_beta_ratio - INFO    - Alpha beta ratio for channel 8 is 0.86
[11-16-15:15:43] root - calculate_alpha_beta_ratio - INFO    - Average alpha beta ratio is 1.06
[11-16-15:15:43] root - calculate_alpha_beta_ratio - INFO    - 

[11-16-15:15:44] root - calculate_alpha_beta_ratio - INFO    - ==============Timestamp 4===============
[11-16-15:15:44] root - calculate_alpha_beta_ratio - INFO    - Alpha beta ratio for channel 1 is 1.75
[11-16-15:15:44] root - calculate_alpha_beta_ratio - INFO    - Alpha beta ratio for channel 2 is 0.35
[11-16-15:15:44] root - calculate_alpha_beta_ratio - INFO    - Alpha beta ratio for channel 3 is 1.12
[11-16-15:15:44] root - calculate_alpha_beta_ratio - INFO    - Alpha beta ratio for channel 4 is 0.33
[11-16-15:15:44] root - calculate_alpha_beta_ratio - INFO    - Alpha beta ratio for channel 5 is 1.1
[11-16-15:15:44] root - calculate_alpha_beta_ratio - INFO    - Alpha beta ratio for channel 6 is 0.55
[11-16-15:15:44] root - calculate_alpha_beta_ratio - INFO    - Alpha beta ratio for channel 7 is 0.24
[11-16-15:15:44] root - calculate_alpha_beta_ratio - INFO    - Alpha beta ratio for channel 8 is 1.19
[11-16-15:15:44] root - calculate_alpha_beta_ratio - INFO    - Average alpha beta ratio is 0.83
[11-16-15:15:44] root - calculate_alpha_beta_ratio - INFO    - 

[11-16-15:15:45] root - calculate_alpha_beta_ratio - INFO    - ==============Timestamp 5===============
[11-16-15:15:45] root - calculate_alpha_beta_ratio - INFO    - Alpha beta ratio for channel 1 is 1.76
[11-16-15:15:45] root - calculate_alpha_beta_ratio - INFO    - Alpha beta ratio for channel 2 is 0.37
[11-16-15:15:45] root - calculate_alpha_beta_ratio - INFO    - Alpha beta ratio for channel 3 is 0.5
[11-16-15:15:45] root - calculate_alpha_beta_ratio - INFO    - Alpha beta ratio for channel 4 is 0.36
[11-16-15:15:45] root - calculate_alpha_beta_ratio - INFO    - Alpha beta ratio for channel 5 is 0.83
[11-16-15:15:45] root - calculate_alpha_beta_ratio - INFO    - Alpha beta ratio for channel 6 is 0.52
[11-16-15:15:45] root - calculate_alpha_beta_ratio - INFO    - Alpha beta ratio for channel 7 is 0.59
[11-16-15:15:45] root - calculate_alpha_beta_ratio - INFO    - Alpha beta ratio for channel 8 is 0.63
[11-16-15:15:45] root - calculate_alpha_beta_ratio - INFO    - Average alpha beta ratio is 0.69
[11-16-15:15:45] root - calculate_alpha_beta_ratio - INFO    - 

[11-16-15:15:46] root - calculate_alpha_beta_ratio - INFO    - ==============Timestamp 6===============
[11-16-15:15:46] root - calculate_alpha_beta_ratio - INFO    - Alpha beta ratio for channel 1 is 1.76
[11-16-15:15:46] root - calculate_alpha_beta_ratio - INFO    - Alpha beta ratio for channel 2 is 1.1
[11-16-15:15:46] root - calculate_alpha_beta_ratio - INFO    - Alpha beta ratio for channel 3 is 1.94
[11-16-15:15:46] root - calculate_alpha_beta_ratio - INFO    - Alpha beta ratio for channel 4 is 0.93
[11-16-15:15:46] root - calculate_alpha_beta_ratio - INFO    - Alpha beta ratio for channel 5 is 0.84
[11-16-15:15:46] root - calculate_alpha_beta_ratio - INFO    - Alpha beta ratio for channel 6 is 0.66
[11-16-15:15:46] root - calculate_alpha_beta_ratio - INFO    - Alpha beta ratio for channel 7 is 0.55
[11-16-15:15:46] root - calculate_alpha_beta_ratio - INFO    - Alpha beta ratio for channel 8 is 2.0
[11-16-15:15:46] root - calculate_alpha_beta_ratio - INFO    - Average alpha beta ratio is 1.22
[11-16-15:15:46] root - calculate_alpha_beta_ratio - INFO    - 

[11-16-15:15:47] root - calculate_alpha_beta_ratio - INFO    - ==============Timestamp 7===============
[11-16-15:15:47] root - calculate_alpha_beta_ratio - INFO    - Alpha beta ratio for channel 1 is 1.77
[11-16-15:15:47] root - calculate_alpha_beta_ratio - INFO    - Alpha beta ratio for channel 2 is 1.05
[11-16-15:15:47] root - calculate_alpha_beta_ratio - INFO    - Alpha beta ratio for channel 3 is 1.14
[11-16-15:15:47] root - calculate_alpha_beta_ratio - INFO    - Alpha beta ratio for channel 4 is 1.02
[11-16-15:15:47] root - calculate_alpha_beta_ratio - INFO    - Alpha beta ratio for channel 5 is 0.52
[11-16-15:15:47] root - calculate_alpha_beta_ratio - INFO    - Alpha beta ratio for channel 6 is 0.9
[11-16-15:15:47] root - calculate_alpha_beta_ratio - INFO    - Alpha beta ratio for channel 7 is 0.63
[11-16-15:15:47] root - calculate_alpha_beta_ratio - INFO    - Alpha beta ratio for channel 8 is 1.3
[11-16-15:15:47] root - calculate_alpha_beta_ratio - INFO    - Average alpha beta ratio is 1.04
[11-16-15:15:47] root - calculate_alpha_beta_ratio - INFO    - 

[11-16-15:15:48] root - calculate_alpha_beta_ratio - INFO    - ==============Timestamp 8===============
[11-16-15:15:48] root - calculate_alpha_beta_ratio - INFO    - Alpha beta ratio for channel 1 is 1.77
[11-16-15:15:48] root - calculate_alpha_beta_ratio - INFO    - Alpha beta ratio for channel 2 is 0.71
[11-16-15:15:48] root - calculate_alpha_beta_ratio - INFO    - Alpha beta ratio for channel 3 is 1.32
[11-16-15:15:48] root - calculate_alpha_beta_ratio - INFO    - Alpha beta ratio for channel 4 is 0.68
[11-16-15:15:48] root - calculate_alpha_beta_ratio - INFO    - Alpha beta ratio for channel 5 is 0.54
[11-16-15:15:48] root - calculate_alpha_beta_ratio - INFO    - Alpha beta ratio for channel 6 is 0.92
[11-16-15:15:48] root - calculate_alpha_beta_ratio - INFO    - Alpha beta ratio for channel 7 is 0.88
[11-16-15:15:48] root - calculate_alpha_beta_ratio - INFO    - Alpha beta ratio for channel 8 is 0.38
[11-16-15:15:48] root - calculate_alpha_beta_ratio - INFO    - Average alpha beta ratio is 0.9
[11-16-15:15:48] root - calculate_alpha_beta_ratio - INFO    - 

[11-16-15:15:49] root - calculate_alpha_beta_ratio - INFO    - ==============Timestamp 9===============
[11-16-15:15:50] root - calculate_alpha_beta_ratio - INFO    - Alpha beta ratio for channel 1 is 1.77
[11-16-15:15:50] root - calculate_alpha_beta_ratio - INFO    - Alpha beta ratio for channel 2 is 0.3
[11-16-15:15:50] root - calculate_alpha_beta_ratio - INFO    - Alpha beta ratio for channel 3 is 0.75
[11-16-15:15:50] root - calculate_alpha_beta_ratio - INFO    - Alpha beta ratio for channel 4 is 0.61
[11-16-15:15:50] root - calculate_alpha_beta_ratio - INFO    - Alpha beta ratio for channel 5 is 0.25
[11-16-15:15:50] root - calculate_alpha_beta_ratio - INFO    - Alpha beta ratio for channel 6 is 0.85
[11-16-15:15:50] root - calculate_alpha_beta_ratio - INFO    - Alpha beta ratio for channel 7 is 0.65
[11-16-15:15:50] root - calculate_alpha_beta_ratio - INFO    - Alpha beta ratio for channel 8 is 1.27
[11-16-15:15:50] root - calculate_alpha_beta_ratio - INFO    - Average alpha beta ratio is 0.81
[11-16-15:15:50] root - calculate_alpha_beta_ratio - INFO    - 

[11-16-15:15:51] root - calculate_alpha_beta_ratio - INFO    - ==============Timestamp 10==============
[11-16-15:15:51] root - calculate_alpha_beta_ratio - INFO    - Alpha beta ratio for channel 1 is 1.77
[11-16-15:15:51] root - calculate_alpha_beta_ratio - INFO    - Alpha beta ratio for channel 2 is 0.39
[11-16-15:15:51] root - calculate_alpha_beta_ratio - INFO    - Alpha beta ratio for channel 3 is 0.46
[11-16-15:15:51] root - calculate_alpha_beta_ratio - INFO    - Alpha beta ratio for channel 4 is 0.29
[11-16-15:15:51] root - calculate_alpha_beta_ratio - INFO    - Alpha beta ratio for channel 5 is 0.45
[11-16-15:15:51] root - calculate_alpha_beta_ratio - INFO    - Alpha beta ratio for channel 6 is 0.21
[11-16-15:15:51] root - calculate_alpha_beta_ratio - INFO    - Alpha beta ratio for channel 7 is 0.6
[11-16-15:15:51] root - calculate_alpha_beta_ratio - INFO    - Alpha beta ratio for channel 8 is 0.76
[11-16-15:15:51] root - calculate_alpha_beta_ratio - INFO    - Average alpha beta ratio is 0.62
[11-16-15:15:51] root - calculate_alpha_beta_ratio - INFO    - 

[11-16-15:15:52] root - calculate_alpha_beta_ratio - INFO    - ==============Timestamp 11==============
[11-16-15:15:52] root - calculate_alpha_beta_ratio - INFO    - Alpha beta ratio for channel 1 is 1.77
[11-16-15:15:52] root - calculate_alpha_beta_ratio - INFO    - Alpha beta ratio for channel 2 is 0.48
[11-16-15:15:52] root - calculate_alpha_beta_ratio - INFO    - Alpha beta ratio for channel 3 is 0.95
[11-16-15:15:52] root - calculate_alpha_beta_ratio - INFO    - Alpha beta ratio for channel 4 is 1.23
[11-16-15:15:52] root - calculate_alpha_beta_ratio - INFO    - Alpha beta ratio for channel 5 is 2.75
[11-16-15:15:52] root - calculate_alpha_beta_ratio - INFO    - Alpha beta ratio for channel 6 is 1.33
[11-16-15:15:52] root - calculate_alpha_beta_ratio - INFO    - Alpha beta ratio for channel 7 is 1.54
[11-16-15:15:52] root - calculate_alpha_beta_ratio - INFO    - Alpha beta ratio for channel 8 is 2.96
[11-16-15:15:52] root - calculate_alpha_beta_ratio - INFO    - Average alpha beta ratio is 1.63
[11-16-15:15:52] root - calculate_alpha_beta_ratio - INFO    - 

[11-16-15:15:53] root - calculate_alpha_beta_ratio - INFO    - ==============Timestamp 12==============
[11-16-15:15:53] root - calculate_alpha_beta_ratio - INFO    - Alpha beta ratio for channel 1 is 1.77
[11-16-15:15:53] root - calculate_alpha_beta_ratio - INFO    - Alpha beta ratio for channel 2 is 1.52
[11-16-15:15:53] root - calculate_alpha_beta_ratio - INFO    - Alpha beta ratio for channel 3 is 1.2
[11-16-15:15:53] root - calculate_alpha_beta_ratio - INFO    - Alpha beta ratio for channel 4 is 1.88
[11-16-15:15:53] root - calculate_alpha_beta_ratio - INFO    - Alpha beta ratio for channel 5 is 0.7
[11-16-15:15:53] root - calculate_alpha_beta_ratio - INFO    - Alpha beta ratio for channel 6 is 2.95
[11-16-15:15:53] root - calculate_alpha_beta_ratio - INFO    - Alpha beta ratio for channel 7 is 3.08
[11-16-15:15:53] root - calculate_alpha_beta_ratio - INFO    - Alpha beta ratio for channel 8 is 5.38
[11-16-15:15:53] root - calculate_alpha_beta_ratio - INFO    - Average alpha beta ratio is 2.31
[11-16-15:15:53] root - calculate_alpha_beta_ratio - INFO    - 

[11-16-15:15:54] root - calculate_alpha_beta_ratio - INFO    - ==============Timestamp 13==============
[11-16-15:15:54] root - calculate_alpha_beta_ratio - INFO    - Alpha beta ratio for channel 1 is 1.77
[11-16-15:15:54] root - calculate_alpha_beta_ratio - INFO    - Alpha beta ratio for channel 2 is 0.26
[11-16-15:15:54] root - calculate_alpha_beta_ratio - INFO    - Alpha beta ratio for channel 3 is 0.37
[11-16-15:15:54] root - calculate_alpha_beta_ratio - INFO    - Alpha beta ratio for channel 4 is 0.12
[11-16-15:15:54] root - calculate_alpha_beta_ratio - INFO    - Alpha beta ratio for channel 5 is 1.1
[11-16-15:15:54] root - calculate_alpha_beta_ratio - INFO    - Alpha beta ratio for channel 6 is 0.8
[11-16-15:15:54] root - calculate_alpha_beta_ratio - INFO    - Alpha beta ratio for channel 7 is 4.06
[11-16-15:15:54] root - calculate_alpha_beta_ratio - INFO    - Alpha beta ratio for channel 8 is 2.09
[11-16-15:15:54] root - calculate_alpha_beta_ratio - INFO    - Average alpha beta ratio is 1.32
[11-16-15:15:54] root - calculate_alpha_beta_ratio - INFO    - 

[11-16-15:15:55] root - calculate_alpha_beta_ratio - INFO    - ==============Timestamp 14==============
[11-16-15:15:55] root - calculate_alpha_beta_ratio - INFO    - Alpha beta ratio for channel 1 is 1.76
[11-16-15:15:55] root - calculate_alpha_beta_ratio - INFO    - Alpha beta ratio for channel 2 is 0.58
[11-16-15:15:55] root - calculate_alpha_beta_ratio - INFO    - Alpha beta ratio for channel 3 is 0.41
[11-16-15:15:55] root - calculate_alpha_beta_ratio - INFO    - Alpha beta ratio for channel 4 is 1.16
[11-16-15:15:55] root - calculate_alpha_beta_ratio - INFO    - Alpha beta ratio for channel 5 is 0.93
[11-16-15:15:55] root - calculate_alpha_beta_ratio - INFO    - Alpha beta ratio for channel 6 is 1.09
[11-16-15:15:55] root - calculate_alpha_beta_ratio - INFO    - Alpha beta ratio for channel 7 is 2.17
[11-16-15:15:55] root - calculate_alpha_beta_ratio - INFO    - Alpha beta ratio for channel 8 is 0.93
[11-16-15:15:55] root - calculate_alpha_beta_ratio - INFO    - Average alpha beta ratio is 1.13
[11-16-15:15:55] root - calculate_alpha_beta_ratio - INFO    - 

[11-16-15:15:56] root - calculate_alpha_beta_ratio - INFO    - ==============Timestamp 15==============
[11-16-15:15:56] root - calculate_alpha_beta_ratio - INFO    - Alpha beta ratio for channel 1 is 1.76
[11-16-15:15:56] root - calculate_alpha_beta_ratio - INFO    - Alpha beta ratio for channel 2 is 0.61
[11-16-15:15:56] root - calculate_alpha_beta_ratio - INFO    - Alpha beta ratio for channel 3 is 0.73
[11-16-15:15:56] root - calculate_alpha_beta_ratio - INFO    - Alpha beta ratio for channel 4 is 0.85
[11-16-15:15:56] root - calculate_alpha_beta_ratio - INFO    - Alpha beta ratio for channel 5 is 0.62
[11-16-15:15:56] root - calculate_alpha_beta_ratio - INFO    - Alpha beta ratio for channel 6 is 0.89
[11-16-15:15:56] root - calculate_alpha_beta_ratio - INFO    - Alpha beta ratio for channel 7 is 1.03
[11-16-15:15:56] root - calculate_alpha_beta_ratio - INFO    - Alpha beta ratio for channel 8 is 1.68
[11-16-15:15:56] root - calculate_alpha_beta_ratio - INFO    - Average alpha beta ratio is 1.02
[11-16-15:15:56] root - calculate_alpha_beta_ratio - INFO    - 

[11-16-15:15:57] root - calculate_alpha_beta_ratio - INFO    - ==============Timestamp 16==============
[11-16-15:15:57] root - calculate_alpha_beta_ratio - INFO    - Alpha beta ratio for channel 1 is 1.76
[11-16-15:15:57] root - calculate_alpha_beta_ratio - INFO    - Alpha beta ratio for channel 2 is 5.76
[11-16-15:15:57] root - calculate_alpha_beta_ratio - INFO    - Alpha beta ratio for channel 3 is 5.56
[11-16-15:15:57] root - calculate_alpha_beta_ratio - INFO    - Alpha beta ratio for channel 4 is 0.75
[11-16-15:15:57] root - calculate_alpha_beta_ratio - INFO    - Alpha beta ratio for channel 5 is 0.98
[11-16-15:15:57] root - calculate_alpha_beta_ratio - INFO    - Alpha beta ratio for channel 6 is 0.6
[11-16-15:15:57] root - calculate_alpha_beta_ratio - INFO    - Alpha beta ratio for channel 7 is 2.27
[11-16-15:15:57] root - calculate_alpha_beta_ratio - INFO    - Alpha beta ratio for channel 8 is 0.69
[11-16-15:15:57] root - calculate_alpha_beta_ratio - INFO    - Average alpha beta ratio is 2.29
[11-16-15:15:57] root - calculate_alpha_beta_ratio - INFO    - 

[11-16-15:15:58] root - calculate_alpha_beta_ratio - INFO    - ==============Timestamp 17==============
[11-16-15:15:58] root - calculate_alpha_beta_ratio - INFO    - Alpha beta ratio for channel 1 is 1.76
[11-16-15:15:58] root - calculate_alpha_beta_ratio - INFO    - Alpha beta ratio for channel 2 is 0.92
[11-16-15:15:58] root - calculate_alpha_beta_ratio - INFO    - Alpha beta ratio for channel 3 is 1.82
[11-16-15:15:58] root - calculate_alpha_beta_ratio - INFO    - Alpha beta ratio for channel 4 is 1.3
[11-16-15:15:58] root - calculate_alpha_beta_ratio - INFO    - Alpha beta ratio for channel 5 is 1.07
[11-16-15:15:58] root - calculate_alpha_beta_ratio - INFO    - Alpha beta ratio for channel 6 is 0.99
[11-16-15:15:58] root - calculate_alpha_beta_ratio - INFO    - Alpha beta ratio for channel 7 is 1.54
[11-16-15:15:58] root - calculate_alpha_beta_ratio - INFO    - Alpha beta ratio for channel 8 is 1.12
[11-16-15:15:58] root - calculate_alpha_beta_ratio - INFO    - Average alpha beta ratio is 1.32
[11-16-15:15:58] root - calculate_alpha_beta_ratio - INFO    - 

[11-16-15:15:59] root - calculate_alpha_beta_ratio - INFO    - ==============Timestamp 18==============
[11-16-15:15:59] root - calculate_alpha_beta_ratio - INFO    - Alpha beta ratio for channel 1 is 1.76
[11-16-15:15:59] root - calculate_alpha_beta_ratio - INFO    - Alpha beta ratio for channel 2 is 1.04
[11-16-15:15:59] root - calculate_alpha_beta_ratio - INFO    - Alpha beta ratio for channel 3 is 3.02
[11-16-15:15:59] root - calculate_alpha_beta_ratio - INFO    - Alpha beta ratio for channel 4 is 0.55
[11-16-15:15:59] root - calculate_alpha_beta_ratio - INFO    - Alpha beta ratio for channel 5 is 0.67
[11-16-15:15:59] root - calculate_alpha_beta_ratio - INFO    - Alpha beta ratio for channel 6 is 0.89
[11-16-15:15:59] root - calculate_alpha_beta_ratio - INFO    - Alpha beta ratio for channel 7 is 1.49
[11-16-15:15:59] root - calculate_alpha_beta_ratio - INFO    - Alpha beta ratio for channel 8 is 1.02
[11-16-15:15:59] root - calculate_alpha_beta_ratio - INFO    - Average alpha beta ratio is 1.3
[11-16-15:15:59] root - calculate_alpha_beta_ratio - INFO    - 

[11-16-15:16:00] root - calculate_alpha_beta_ratio - INFO    - ==============Timestamp 19==============
[11-16-15:16:00] root - calculate_alpha_beta_ratio - INFO    - Alpha beta ratio for channel 1 is 1.77
[11-16-15:16:00] root - calculate_alpha_beta_ratio - INFO    - Alpha beta ratio for channel 2 is 0.8
[11-16-15:16:00] root - calculate_alpha_beta_ratio - INFO    - Alpha beta ratio for channel 3 is 0.61
[11-16-15:16:00] root - calculate_alpha_beta_ratio - INFO    - Alpha beta ratio for channel 4 is 0.31
[11-16-15:16:00] root - calculate_alpha_beta_ratio - INFO    - Alpha beta ratio for channel 5 is 0.48
[11-16-15:16:00] root - calculate_alpha_beta_ratio - INFO    - Alpha beta ratio for channel 6 is 0.6
[11-16-15:16:00] root - calculate_alpha_beta_ratio - INFO    - Alpha beta ratio for channel 7 is 0.53
[11-16-15:16:00] root - calculate_alpha_beta_ratio - INFO    - Alpha beta ratio for channel 8 is 0.9
[11-16-15:16:00] root - calculate_alpha_beta_ratio - INFO    - Average alpha beta ratio is 0.75
[11-16-15:16:00] root - calculate_alpha_beta_ratio - INFO    - 

[11-16-15:16:01] root - calculate_alpha_beta_ratio - INFO    - ==============Timestamp 20==============
[11-16-15:16:01] root - calculate_alpha_beta_ratio - INFO    - Alpha beta ratio for channel 1 is 1.77
[11-16-15:16:01] root - calculate_alpha_beta_ratio - INFO    - Alpha beta ratio for channel 2 is 0.92
[11-16-15:16:01] root - calculate_alpha_beta_ratio - INFO    - Alpha beta ratio for channel 3 is 1.73
[11-16-15:16:01] root - calculate_alpha_beta_ratio - INFO    - Alpha beta ratio for channel 4 is 0.37
[11-16-15:16:01] root - calculate_alpha_beta_ratio - INFO    - Alpha beta ratio for channel 5 is 0.45
[11-16-15:16:01] root - calculate_alpha_beta_ratio - INFO    - Alpha beta ratio for channel 6 is 0.14
[11-16-15:16:01] root - calculate_alpha_beta_ratio - INFO    - Alpha beta ratio for channel 7 is 0.82
[11-16-15:16:01] root - calculate_alpha_beta_ratio - INFO    - Alpha beta ratio for channel 8 is 0.42
[11-16-15:16:01] root - calculate_alpha_beta_ratio - INFO    - Average alpha beta ratio is 0.83
[11-16-15:16:01] root - calculate_alpha_beta_ratio - INFO    - 

[11-16-15:16:02] root - calculate_alpha_beta_ratio - INFO    - ==============Timestamp 21==============
[11-16-15:16:02] root - calculate_alpha_beta_ratio - INFO    - Alpha beta ratio for channel 1 is 1.77
[11-16-15:16:02] root - calculate_alpha_beta_ratio - INFO    - Alpha beta ratio for channel 2 is 0.72
[11-16-15:16:02] root - calculate_alpha_beta_ratio - INFO    - Alpha beta ratio for channel 3 is 1.25
[11-16-15:16:02] root - calculate_alpha_beta_ratio - INFO    - Alpha beta ratio for channel 4 is 0.56
[11-16-15:16:02] root - calculate_alpha_beta_ratio - INFO    - Alpha beta ratio for channel 5 is 0.67
[11-16-15:16:02] root - calculate_alpha_beta_ratio - INFO    - Alpha beta ratio for channel 6 is 0.43
[11-16-15:16:02] root - calculate_alpha_beta_ratio - INFO    - Alpha beta ratio for channel 7 is 0.25
[11-16-15:16:02] root - calculate_alpha_beta_ratio - INFO    - Alpha beta ratio for channel 8 is 0.55
[11-16-15:16:02] root - calculate_alpha_beta_ratio - INFO    - Average alpha beta ratio is 0.78
[11-16-15:16:02] root - calculate_alpha_beta_ratio - INFO    - 

[11-16-15:16:03] root - calculate_alpha_beta_ratio - INFO    - ==============Timestamp 22==============
[11-16-15:16:03] root - calculate_alpha_beta_ratio - INFO    - Alpha beta ratio for channel 1 is 1.77
[11-16-15:16:03] root - calculate_alpha_beta_ratio - INFO    - Alpha beta ratio for channel 2 is 0.76
[11-16-15:16:03] root - calculate_alpha_beta_ratio - INFO    - Alpha beta ratio for channel 3 is 2.04
[11-16-15:16:03] root - calculate_alpha_beta_ratio - INFO    - Alpha beta ratio for channel 4 is 2.11
[11-16-15:16:03] root - calculate_alpha_beta_ratio - INFO    - Alpha beta ratio for channel 5 is 0.75
[11-16-15:16:03] root - calculate_alpha_beta_ratio - INFO    - Alpha beta ratio for channel 6 is 2.73
[11-16-15:16:03] root - calculate_alpha_beta_ratio - INFO    - Alpha beta ratio for channel 7 is 0.86
[11-16-15:16:03] root - calculate_alpha_beta_ratio - INFO    - Alpha beta ratio for channel 8 is 2.48
[11-16-15:16:03] root - calculate_alpha_beta_ratio - INFO    - Average alpha beta ratio is 1.69
[11-16-15:16:03] root - calculate_alpha_beta_ratio - INFO    - 

[11-16-15:16:04] root - calculate_alpha_beta_ratio - INFO    - ==============Timestamp 23==============
[11-16-15:16:04] root - calculate_alpha_beta_ratio - INFO    - Alpha beta ratio for channel 1 is 1.76
[11-16-15:16:04] root - calculate_alpha_beta_ratio - INFO    - Alpha beta ratio for channel 2 is 0.39
[11-16-15:16:04] root - calculate_alpha_beta_ratio - INFO    - Alpha beta ratio for channel 3 is 1.0
[11-16-15:16:04] root - calculate_alpha_beta_ratio - INFO    - Alpha beta ratio for channel 4 is 0.66
[11-16-15:16:04] root - calculate_alpha_beta_ratio - INFO    - Alpha beta ratio for channel 5 is 2.3
[11-16-15:16:04] root - calculate_alpha_beta_ratio - INFO    - Alpha beta ratio for channel 6 is 0.86
[11-16-15:16:04] root - calculate_alpha_beta_ratio - INFO    - Alpha beta ratio for channel 7 is 0.96
[11-16-15:16:04] root - calculate_alpha_beta_ratio - INFO    - Alpha beta ratio for channel 8 is 1.4
[11-16-15:16:04] root - calculate_alpha_beta_ratio - INFO    - Average alpha beta ratio is 1.17
[11-16-15:16:04] root - calculate_alpha_beta_ratio - INFO    - 

[11-16-15:16:05] root - calculate_alpha_beta_ratio - INFO    - ==============Timestamp 24==============
[11-16-15:16:05] root - calculate_alpha_beta_ratio - INFO    - Alpha beta ratio for channel 1 is 1.76
[11-16-15:16:05] root - calculate_alpha_beta_ratio - INFO    - Alpha beta ratio for channel 2 is 0.36
[11-16-15:16:05] root - calculate_alpha_beta_ratio - INFO    - Alpha beta ratio for channel 3 is 1.21
[11-16-15:16:05] root - calculate_alpha_beta_ratio - INFO    - Alpha beta ratio for channel 4 is 0.71
[11-16-15:16:05] root - calculate_alpha_beta_ratio - INFO    - Alpha beta ratio for channel 5 is 1.51
[11-16-15:16:05] root - calculate_alpha_beta_ratio - INFO    - Alpha beta ratio for channel 6 is 0.98
[11-16-15:16:05] root - calculate_alpha_beta_ratio - INFO    - Alpha beta ratio for channel 7 is 0.96
[11-16-15:16:05] root - calculate_alpha_beta_ratio - INFO    - Alpha beta ratio for channel 8 is 1.7
[11-16-15:16:05] root - calculate_alpha_beta_ratio - INFO    - Average alpha beta ratio is 1.15
[11-16-15:16:05] root - calculate_alpha_beta_ratio - INFO    - 

[11-16-15:16:06] root - calculate_alpha_beta_ratio - INFO    - ==============Timestamp 25==============
[11-16-15:16:06] root - calculate_alpha_beta_ratio - INFO    - Alpha beta ratio for channel 1 is 1.76
[11-16-15:16:06] root - calculate_alpha_beta_ratio - INFO    - Alpha beta ratio for channel 2 is 1.84
[11-16-15:16:06] root - calculate_alpha_beta_ratio - INFO    - Alpha beta ratio for channel 3 is 0.91
[11-16-15:16:06] root - calculate_alpha_beta_ratio - INFO    - Alpha beta ratio for channel 4 is 0.69
[11-16-15:16:06] root - calculate_alpha_beta_ratio - INFO    - Alpha beta ratio for channel 5 is 1.27
[11-16-15:16:06] root - calculate_alpha_beta_ratio - INFO    - Alpha beta ratio for channel 6 is 1.51
[11-16-15:16:06] root - calculate_alpha_beta_ratio - INFO    - Alpha beta ratio for channel 7 is 0.94
[11-16-15:16:06] root - calculate_alpha_beta_ratio - INFO    - Alpha beta ratio for channel 8 is 1.87
[11-16-15:16:06] root - calculate_alpha_beta_ratio - INFO    - Average alpha beta ratio is 1.35
[11-16-15:16:06] root - calculate_alpha_beta_ratio - INFO    - 

[11-16-15:16:07] root - calculate_alpha_beta_ratio - INFO    - ==============Timestamp 26==============
[11-16-15:16:07] root - calculate_alpha_beta_ratio - INFO    - Alpha beta ratio for channel 1 is 1.76
[11-16-15:16:07] root - calculate_alpha_beta_ratio - INFO    - Alpha beta ratio for channel 2 is 2.04
[11-16-15:16:07] root - calculate_alpha_beta_ratio - INFO    - Alpha beta ratio for channel 3 is 2.86
[11-16-15:16:07] root - calculate_alpha_beta_ratio - INFO    - Alpha beta ratio for channel 4 is 1.18
[11-16-15:16:07] root - calculate_alpha_beta_ratio - INFO    - Alpha beta ratio for channel 5 is 1.34
[11-16-15:16:07] root - calculate_alpha_beta_ratio - INFO    - Alpha beta ratio for channel 6 is 1.36
[11-16-15:16:07] root - calculate_alpha_beta_ratio - INFO    - Alpha beta ratio for channel 7 is 0.48
[11-16-15:16:07] root - calculate_alpha_beta_ratio - INFO    - Alpha beta ratio for channel 8 is 1.3
[11-16-15:16:07] root - calculate_alpha_beta_ratio - INFO    - Average alpha beta ratio is 1.54
[11-16-15:16:07] root - calculate_alpha_beta_ratio - INFO    - 

[11-16-15:16:08] root - calculate_alpha_beta_ratio - INFO    - ==============Timestamp 27==============
[11-16-15:16:08] root - calculate_alpha_beta_ratio - INFO    - Alpha beta ratio for channel 1 is 1.76
[11-16-15:16:08] root - calculate_alpha_beta_ratio - INFO    - Alpha beta ratio for channel 2 is 0.76
[11-16-15:16:08] root - calculate_alpha_beta_ratio - INFO    - Alpha beta ratio for channel 3 is 1.55
[11-16-15:16:08] root - calculate_alpha_beta_ratio - INFO    - Alpha beta ratio for channel 4 is 2.18
[11-16-15:16:08] root - calculate_alpha_beta_ratio - INFO    - Alpha beta ratio for channel 5 is 0.54
[11-16-15:16:08] root - calculate_alpha_beta_ratio - INFO    - Alpha beta ratio for channel 6 is 0.34
[11-16-15:16:08] root - calculate_alpha_beta_ratio - INFO    - Alpha beta ratio for channel 7 is 3.03
[11-16-15:16:08] root - calculate_alpha_beta_ratio - INFO    - Alpha beta ratio for channel 8 is 1.65
[11-16-15:16:08] root - calculate_alpha_beta_ratio - INFO    - Average alpha beta ratio is 1.48
[11-16-15:16:08] root - calculate_alpha_beta_ratio - INFO    - 

[11-16-15:16:09] root - calculate_alpha_beta_ratio - INFO    - ==============Timestamp 28==============
[11-16-15:16:09] root - calculate_alpha_beta_ratio - INFO    - Alpha beta ratio for channel 1 is 1.77
[11-16-15:16:09] root - calculate_alpha_beta_ratio - INFO    - Alpha beta ratio for channel 2 is 0.93
[11-16-15:16:09] root - calculate_alpha_beta_ratio - INFO    - Alpha beta ratio for channel 3 is 2.16
[11-16-15:16:09] root - calculate_alpha_beta_ratio - INFO    - Alpha beta ratio for channel 4 is 1.38
[11-16-15:16:09] root - calculate_alpha_beta_ratio - INFO    - Alpha beta ratio for channel 5 is 0.56
[11-16-15:16:09] root - calculate_alpha_beta_ratio - INFO    - Alpha beta ratio for channel 6 is 1.59
[11-16-15:16:09] root - calculate_alpha_beta_ratio - INFO    - Alpha beta ratio for channel 7 is 3.95
[11-16-15:16:09] root - calculate_alpha_beta_ratio - INFO    - Alpha beta ratio for channel 8 is 4.69
[11-16-15:16:09] root - calculate_alpha_beta_ratio - INFO    - Average alpha beta ratio is 2.13
[11-16-15:16:09] root - calculate_alpha_beta_ratio - INFO    - 

[11-16-15:16:10] root - calculate_alpha_beta_ratio - INFO    - ==============Timestamp 29==============
[11-16-15:16:10] root - calculate_alpha_beta_ratio - INFO    - Alpha beta ratio for channel 1 is 1.77
[11-16-15:16:10] root - calculate_alpha_beta_ratio - INFO    - Alpha beta ratio for channel 2 is 1.24
[11-16-15:16:10] root - calculate_alpha_beta_ratio - INFO    - Alpha beta ratio for channel 3 is 1.4
[11-16-15:16:10] root - calculate_alpha_beta_ratio - INFO    - Alpha beta ratio for channel 4 is 2.38
[11-16-15:16:10] root - calculate_alpha_beta_ratio - INFO    - Alpha beta ratio for channel 5 is 0.8
[11-16-15:16:10] root - calculate_alpha_beta_ratio - INFO    - Alpha beta ratio for channel 6 is 5.43
[11-16-15:16:10] root - calculate_alpha_beta_ratio - INFO    - Alpha beta ratio for channel 7 is 1.12
[11-16-15:16:10] root - calculate_alpha_beta_ratio - INFO    - Alpha beta ratio for channel 8 is 4.15
[11-16-15:16:10] root - calculate_alpha_beta_ratio - INFO    - Average alpha beta ratio is 2.29
[11-16-15:16:10] root - calculate_alpha_beta_ratio - INFO    - 

[11-16-15:16:11] root - calculate_alpha_beta_ratio - INFO    - ==============Timestamp 30==============
[11-16-15:16:11] root - calculate_alpha_beta_ratio - INFO    - Alpha beta ratio for channel 1 is 1.77
[11-16-15:16:11] root - calculate_alpha_beta_ratio - INFO    - Alpha beta ratio for channel 2 is 0.47
[11-16-15:16:11] root - calculate_alpha_beta_ratio - INFO    - Alpha beta ratio for channel 3 is 0.9
[11-16-15:16:11] root - calculate_alpha_beta_ratio - INFO    - Alpha beta ratio for channel 4 is 0.19
[11-16-15:16:11] root - calculate_alpha_beta_ratio - INFO    - Alpha beta ratio for channel 5 is 0.56
[11-16-15:16:11] root - calculate_alpha_beta_ratio - INFO    - Alpha beta ratio for channel 6 is 0.35
[11-16-15:16:11] root - calculate_alpha_beta_ratio - INFO    - Alpha beta ratio for channel 7 is 0.59
[11-16-15:16:11] root - calculate_alpha_beta_ratio - INFO    - Alpha beta ratio for channel 8 is 1.21
[11-16-15:16:11] root - calculate_alpha_beta_ratio - INFO    - Average alpha beta ratio is 0.75
[11-16-15:16:11] root - calculate_alpha_beta_ratio - INFO    - 

[11-16-15:16:12] root - calculate_alpha_beta_ratio - INFO    - ==============Timestamp 31==============
[11-16-15:16:12] root - calculate_alpha_beta_ratio - INFO    - Alpha beta ratio for channel 1 is 1.77
[11-16-15:16:12] root - calculate_alpha_beta_ratio - INFO    - Alpha beta ratio for channel 2 is 1.05
[11-16-15:16:12] root - calculate_alpha_beta_ratio - INFO    - Alpha beta ratio for channel 3 is 1.54
[11-16-15:16:12] root - calculate_alpha_beta_ratio - INFO    - Alpha beta ratio for channel 4 is 0.62
[11-16-15:16:12] root - calculate_alpha_beta_ratio - INFO    - Alpha beta ratio for channel 5 is 2.48
[11-16-15:16:12] root - calculate_alpha_beta_ratio - INFO    - Alpha beta ratio for channel 6 is 1.21
[11-16-15:16:12] root - calculate_alpha_beta_ratio - INFO    - Alpha beta ratio for channel 7 is 1.28
[11-16-15:16:12] root - calculate_alpha_beta_ratio - INFO    - Alpha beta ratio for channel 8 is 1.42
[11-16-15:16:12] root - calculate_alpha_beta_ratio - INFO    - Average alpha beta ratio is 1.42
[11-16-15:16:12] root - calculate_alpha_beta_ratio - INFO    - 

[11-16-15:16:13] root - calculate_alpha_beta_ratio - INFO    - ==============Timestamp 32==============
[11-16-15:16:13] root - calculate_alpha_beta_ratio - INFO    - Alpha beta ratio for channel 1 is 1.77
[11-16-15:16:13] root - calculate_alpha_beta_ratio - INFO    - Alpha beta ratio for channel 2 is 1.06
[11-16-15:16:13] root - calculate_alpha_beta_ratio - INFO    - Alpha beta ratio for channel 3 is 1.09
[11-16-15:16:13] root - calculate_alpha_beta_ratio - INFO    - Alpha beta ratio for channel 4 is 0.88
[11-16-15:16:13] root - calculate_alpha_beta_ratio - INFO    - Alpha beta ratio for channel 5 is 0.38
[11-16-15:16:13] root - calculate_alpha_beta_ratio - INFO    - Alpha beta ratio for channel 6 is 1.39
[11-16-15:16:13] root - calculate_alpha_beta_ratio - INFO    - Alpha beta ratio for channel 7 is 1.12
[11-16-15:16:13] root - calculate_alpha_beta_ratio - INFO    - Alpha beta ratio for channel 8 is 1.34
[11-16-15:16:13] root - calculate_alpha_beta_ratio - INFO    - Average alpha beta ratio is 1.13
[11-16-15:16:13] root - calculate_alpha_beta_ratio - INFO    - 

[11-16-15:16:14] root - calculate_alpha_beta_ratio - INFO    - ==============Timestamp 33==============
[11-16-15:16:14] root - calculate_alpha_beta_ratio - INFO    - Alpha beta ratio for channel 1 is 1.77
[11-16-15:16:14] root - calculate_alpha_beta_ratio - INFO    - Alpha beta ratio for channel 2 is 0.45
[11-16-15:16:14] root - calculate_alpha_beta_ratio - INFO    - Alpha beta ratio for channel 3 is 0.7
[11-16-15:16:14] root - calculate_alpha_beta_ratio - INFO    - Alpha beta ratio for channel 4 is 0.45
[11-16-15:16:14] root - calculate_alpha_beta_ratio - INFO    - Alpha beta ratio for channel 5 is 0.86
[11-16-15:16:14] root - calculate_alpha_beta_ratio - INFO    - Alpha beta ratio for channel 6 is 0.24
[11-16-15:16:14] root - calculate_alpha_beta_ratio - INFO    - Alpha beta ratio for channel 7 is 0.34
[11-16-15:16:14] root - calculate_alpha_beta_ratio - INFO    - Alpha beta ratio for channel 8 is 0.27
[11-16-15:16:14] root - calculate_alpha_beta_ratio - INFO    - Average alpha beta ratio is 0.64
[11-16-15:16:14] root - calculate_alpha_beta_ratio - INFO    - 

[11-16-15:16:15] root - calculate_alpha_beta_ratio - INFO    - ==============Timestamp 34==============
[11-16-15:16:15] root - calculate_alpha_beta_ratio - INFO    - Alpha beta ratio for channel 1 is 1.77
[11-16-15:16:15] root - calculate_alpha_beta_ratio - INFO    - Alpha beta ratio for channel 2 is 0.31
[11-16-15:16:15] root - calculate_alpha_beta_ratio - INFO    - Alpha beta ratio for channel 3 is 0.9
[11-16-15:16:15] root - calculate_alpha_beta_ratio - INFO    - Alpha beta ratio for channel 4 is 0.23
[11-16-15:16:15] root - calculate_alpha_beta_ratio - INFO    - Alpha beta ratio for channel 5 is 0.48
[11-16-15:16:15] root - calculate_alpha_beta_ratio - INFO    - Alpha beta ratio for channel 6 is 0.59
[11-16-15:16:15] root - calculate_alpha_beta_ratio - INFO    - Alpha beta ratio for channel 7 is 1.69
[11-16-15:16:15] root - calculate_alpha_beta_ratio - INFO    - Alpha beta ratio for channel 8 is 0.76
[11-16-15:16:15] root - calculate_alpha_beta_ratio - INFO    - Average alpha beta ratio is 0.84
[11-16-15:16:15] root - calculate_alpha_beta_ratio - INFO    - 

[11-16-15:16:16] root - calculate_alpha_beta_ratio - INFO    - ==============Timestamp 35==============
[11-16-15:16:16] root - calculate_alpha_beta_ratio - INFO    - Alpha beta ratio for channel 1 is 1.76
[11-16-15:16:16] root - calculate_alpha_beta_ratio - INFO    - Alpha beta ratio for channel 2 is 0.71
[11-16-15:16:16] root - calculate_alpha_beta_ratio - INFO    - Alpha beta ratio for channel 3 is 1.42
[11-16-15:16:16] root - calculate_alpha_beta_ratio - INFO    - Alpha beta ratio for channel 4 is 1.32
[11-16-15:16:16] root - calculate_alpha_beta_ratio - INFO    - Alpha beta ratio for channel 5 is 0.2
[11-16-15:16:16] root - calculate_alpha_beta_ratio - INFO    - Alpha beta ratio for channel 6 is 0.8
[11-16-15:16:16] root - calculate_alpha_beta_ratio - INFO    - Alpha beta ratio for channel 7 is 1.2
[11-16-15:16:16] root - calculate_alpha_beta_ratio - INFO    - Alpha beta ratio for channel 8 is 1.41
[11-16-15:16:16] root - calculate_alpha_beta_ratio - INFO    - Average alpha beta ratio is 1.1
[11-16-15:16:16] root - calculate_alpha_beta_ratio - INFO    - 

[11-16-15:16:17] root - calculate_alpha_beta_ratio - INFO    - ==============Timestamp 36==============
[11-16-15:16:17] root - calculate_alpha_beta_ratio - INFO    - Alpha beta ratio for channel 1 is 1.76
[11-16-15:16:17] root - calculate_alpha_beta_ratio - INFO    - Alpha beta ratio for channel 2 is 0.57
[11-16-15:16:17] root - calculate_alpha_beta_ratio - INFO    - Alpha beta ratio for channel 3 is 1.4
[11-16-15:16:17] root - calculate_alpha_beta_ratio - INFO    - Alpha beta ratio for channel 4 is 0.38
[11-16-15:16:17] root - calculate_alpha_beta_ratio - INFO    - Alpha beta ratio for channel 5 is 0.73
[11-16-15:16:17] root - calculate_alpha_beta_ratio - INFO    - Alpha beta ratio for channel 6 is 0.41
[11-16-15:16:17] root - calculate_alpha_beta_ratio - INFO    - Alpha beta ratio for channel 7 is 1.03
[11-16-15:16:17] root - calculate_alpha_beta_ratio - INFO    - Alpha beta ratio for channel 8 is 0.67
[11-16-15:16:17] root - calculate_alpha_beta_ratio - INFO    - Average alpha beta ratio is 0.87
[11-16-15:16:17] root - calculate_alpha_beta_ratio - INFO    - 

[11-16-15:16:18] root - calculate_alpha_beta_ratio - INFO    - ==============Timestamp 37==============
[11-16-15:16:18] root - calculate_alpha_beta_ratio - INFO    - Alpha beta ratio for channel 1 is 1.76
[11-16-15:16:18] root - calculate_alpha_beta_ratio - INFO    - Alpha beta ratio for channel 2 is 1.26
[11-16-15:16:18] root - calculate_alpha_beta_ratio - INFO    - Alpha beta ratio for channel 3 is 0.77
[11-16-15:16:18] root - calculate_alpha_beta_ratio - INFO    - Alpha beta ratio for channel 4 is 0.8
[11-16-15:16:18] root - calculate_alpha_beta_ratio - INFO    - Alpha beta ratio for channel 5 is 1.1
[11-16-15:16:18] root - calculate_alpha_beta_ratio - INFO    - Alpha beta ratio for channel 6 is 1.04
[11-16-15:16:18] root - calculate_alpha_beta_ratio - INFO    - Alpha beta ratio for channel 7 is 0.51
[11-16-15:16:18] root - calculate_alpha_beta_ratio - INFO    - Alpha beta ratio for channel 8 is 1.29
[11-16-15:16:18] root - calculate_alpha_beta_ratio - INFO    - Average alpha beta ratio is 1.07
[11-16-15:16:18] root - calculate_alpha_beta_ratio - INFO    - 

[11-16-15:16:19] root - calculate_alpha_beta_ratio - INFO    - ==============Timestamp 38==============
[11-16-15:16:19] root - calculate_alpha_beta_ratio - INFO    - Alpha beta ratio for channel 1 is 1.76
[11-16-15:16:19] root - calculate_alpha_beta_ratio - INFO    - Alpha beta ratio for channel 2 is 0.56
[11-16-15:16:19] root - calculate_alpha_beta_ratio - INFO    - Alpha beta ratio for channel 3 is 1.03
[11-16-15:16:19] root - calculate_alpha_beta_ratio - INFO    - Alpha beta ratio for channel 4 is 1.02
[11-16-15:16:19] root - calculate_alpha_beta_ratio - INFO    - Alpha beta ratio for channel 5 is 1.1
[11-16-15:16:19] root - calculate_alpha_beta_ratio - INFO    - Alpha beta ratio for channel 6 is 1.58
[11-16-15:16:19] root - calculate_alpha_beta_ratio - INFO    - Alpha beta ratio for channel 7 is 1.54
[11-16-15:16:19] root - calculate_alpha_beta_ratio - INFO    - Alpha beta ratio for channel 8 is 3.63
[11-16-15:16:19] root - calculate_alpha_beta_ratio - INFO    - Average alpha beta ratio is 1.53
[11-16-15:16:19] root - calculate_alpha_beta_ratio - INFO    - 

[11-16-15:16:20] root - calculate_alpha_beta_ratio - INFO    - ==============Timestamp 39==============
[11-16-15:16:20] root - calculate_alpha_beta_ratio - INFO    - Alpha beta ratio for channel 1 is 1.76
[11-16-15:16:20] root - calculate_alpha_beta_ratio - INFO    - Alpha beta ratio for channel 2 is 1.25
[11-16-15:16:20] root - calculate_alpha_beta_ratio - INFO    - Alpha beta ratio for channel 3 is 3.71
[11-16-15:16:20] root - calculate_alpha_beta_ratio - INFO    - Alpha beta ratio for channel 4 is 0.81
[11-16-15:16:20] root - calculate_alpha_beta_ratio - INFO    - Alpha beta ratio for channel 5 is 0.93
[11-16-15:16:20] root - calculate_alpha_beta_ratio - INFO    - Alpha beta ratio for channel 6 is 1.49
[11-16-15:16:20] root - calculate_alpha_beta_ratio - INFO    - Alpha beta ratio for channel 7 is 0.75
[11-16-15:16:20] root - calculate_alpha_beta_ratio - INFO    - Alpha beta ratio for channel 8 is 1.37
[11-16-15:16:20] root - calculate_alpha_beta_ratio - INFO    - Average alpha beta ratio is 1.51
[11-16-15:16:20] root - calculate_alpha_beta_ratio - INFO    - 

[11-16-15:16:21] root - calculate_alpha_beta_ratio - INFO    - ==============Timestamp 40==============
[11-16-15:16:21] root - calculate_alpha_beta_ratio - INFO    - Alpha beta ratio for channel 1 is 1.77
[11-16-15:16:21] root - calculate_alpha_beta_ratio - INFO    - Alpha beta ratio for channel 2 is 0.57
[11-16-15:16:21] root - calculate_alpha_beta_ratio - INFO    - Alpha beta ratio for channel 3 is 0.74
[11-16-15:16:21] root - calculate_alpha_beta_ratio - INFO    - Alpha beta ratio for channel 4 is 0.36
[11-16-15:16:21] root - calculate_alpha_beta_ratio - INFO    - Alpha beta ratio for channel 5 is 0.8
[11-16-15:16:21] root - calculate_alpha_beta_ratio - INFO    - Alpha beta ratio for channel 6 is 0.38
[11-16-15:16:21] root - calculate_alpha_beta_ratio - INFO    - Alpha beta ratio for channel 7 is 0.55
[11-16-15:16:21] root - calculate_alpha_beta_ratio - INFO    - Alpha beta ratio for channel 8 is 0.54
[11-16-15:16:21] root - calculate_alpha_beta_ratio - INFO    - Average alpha beta ratio is 0.71
[11-16-15:16:21] root - calculate_alpha_beta_ratio - INFO    - 

[11-16-15:16:22] root - calculate_alpha_beta_ratio - INFO    - ==============Timestamp 41==============
[11-16-15:16:22] root - calculate_alpha_beta_ratio - INFO    - Alpha beta ratio for channel 1 is 1.77
[11-16-15:16:22] root - calculate_alpha_beta_ratio - INFO    - Alpha beta ratio for channel 2 is 0.61
[11-16-15:16:22] root - calculate_alpha_beta_ratio - INFO    - Alpha beta ratio for channel 3 is 0.74
[11-16-15:16:22] root - calculate_alpha_beta_ratio - INFO    - Alpha beta ratio for channel 4 is 0.18
[11-16-15:16:22] root - calculate_alpha_beta_ratio - INFO    - Alpha beta ratio for channel 5 is 1.13
[11-16-15:16:22] root - calculate_alpha_beta_ratio - INFO    - Alpha beta ratio for channel 6 is 0.22
[11-16-15:16:22] root - calculate_alpha_beta_ratio - INFO    - Alpha beta ratio for channel 7 is 0.28
[11-16-15:16:22] root - calculate_alpha_beta_ratio - INFO    - Alpha beta ratio for channel 8 is 0.31
[11-16-15:16:22] root - calculate_alpha_beta_ratio - INFO    - Average alpha beta ratio is 0.66
[11-16-15:16:22] root - calculate_alpha_beta_ratio - INFO    - 

[11-16-15:16:23] root - calculate_alpha_beta_ratio - INFO    - ==============Timestamp 42==============
[11-16-15:16:23] root - calculate_alpha_beta_ratio - INFO    - Alpha beta ratio for channel 1 is 1.79
[11-16-15:16:23] root - calculate_alpha_beta_ratio - INFO    - Alpha beta ratio for channel 2 is 0.39
[11-16-15:16:23] root - calculate_alpha_beta_ratio - INFO    - Alpha beta ratio for channel 3 is 0.9
[11-16-15:16:23] root - calculate_alpha_beta_ratio - INFO    - Alpha beta ratio for channel 4 is 0.59
[11-16-15:16:23] root - calculate_alpha_beta_ratio - INFO    - Alpha beta ratio for channel 5 is 0.31
[11-16-15:16:23] root - calculate_alpha_beta_ratio - INFO    - Alpha beta ratio for channel 6 is 0.61
[11-16-15:16:23] root - calculate_alpha_beta_ratio - INFO    - Alpha beta ratio for channel 7 is 0.17
[11-16-15:16:23] root - calculate_alpha_beta_ratio - INFO    - Alpha beta ratio for channel 8 is 0.45
[11-16-15:16:23] root - calculate_alpha_beta_ratio - INFO    - Average alpha beta ratio is 0.65
[11-16-15:16:23] root - calculate_alpha_beta_ratio - INFO    - 

[11-16-15:16:24] root - calculate_alpha_beta_ratio - INFO    - ==============Timestamp 43==============
[11-16-15:16:24] root - calculate_alpha_beta_ratio - INFO    - Alpha beta ratio for channel 1 is 1.81
[11-16-15:16:24] root - calculate_alpha_beta_ratio - INFO    - Alpha beta ratio for channel 2 is 0.83
[11-16-15:16:24] root - calculate_alpha_beta_ratio - INFO    - Alpha beta ratio for channel 3 is 1.31
[11-16-15:16:24] root - calculate_alpha_beta_ratio - INFO    - Alpha beta ratio for channel 4 is 0.75
[11-16-15:16:24] root - calculate_alpha_beta_ratio - INFO    - Alpha beta ratio for channel 5 is 1.23
[11-16-15:16:24] root - calculate_alpha_beta_ratio - INFO    - Alpha beta ratio for channel 6 is 0.57
[11-16-15:16:24] root - calculate_alpha_beta_ratio - INFO    - Alpha beta ratio for channel 7 is 0.58
[11-16-15:16:24] root - calculate_alpha_beta_ratio - INFO    - Alpha beta ratio for channel 8 is 0.24
[11-16-15:16:24] root - calculate_alpha_beta_ratio - INFO    - Average alpha beta ratio is 0.92
[11-16-15:16:24] root - calculate_alpha_beta_ratio - INFO    - 

[11-16-15:16:25] root - calculate_alpha_beta_ratio - INFO    - ==============Timestamp 44==============
[11-16-15:16:25] root - calculate_alpha_beta_ratio - INFO    - Alpha beta ratio for channel 1 is 1.82
[11-16-15:16:25] root - calculate_alpha_beta_ratio - INFO    - Alpha beta ratio for channel 2 is 2.45
[11-16-15:16:25] root - calculate_alpha_beta_ratio - INFO    - Alpha beta ratio for channel 3 is 2.41
[11-16-15:16:25] root - calculate_alpha_beta_ratio - INFO    - Alpha beta ratio for channel 4 is 1.01
[11-16-15:16:25] root - calculate_alpha_beta_ratio - INFO    - Alpha beta ratio for channel 5 is 0.96
[11-16-15:16:25] root - calculate_alpha_beta_ratio - INFO    - Alpha beta ratio for channel 6 is 1.25
[11-16-15:16:25] root - calculate_alpha_beta_ratio - INFO    - Alpha beta ratio for channel 7 is 1.31
[11-16-15:16:25] root - calculate_alpha_beta_ratio - INFO    - Alpha beta ratio for channel 8 is 1.57
[11-16-15:16:25] root - calculate_alpha_beta_ratio - INFO    - Average alpha beta ratio is 1.6
[11-16-15:16:25] root - calculate_alpha_beta_ratio - INFO    - 

[11-16-15:16:26] root - calculate_alpha_beta_ratio - INFO    - ==============Timestamp 45==============
[11-16-15:16:26] root - calculate_alpha_beta_ratio - INFO    - Alpha beta ratio for channel 1 is 1.83
[11-16-15:16:26] root - calculate_alpha_beta_ratio - INFO    - Alpha beta ratio for channel 2 is 1.01
[11-16-15:16:26] root - calculate_alpha_beta_ratio - INFO    - Alpha beta ratio for channel 3 is 0.6
[11-16-15:16:26] root - calculate_alpha_beta_ratio - INFO    - Alpha beta ratio for channel 4 is 0.36
[11-16-15:16:26] root - calculate_alpha_beta_ratio - INFO    - Alpha beta ratio for channel 5 is 1.72
[11-16-15:16:26] root - calculate_alpha_beta_ratio - INFO    - Alpha beta ratio for channel 6 is 0.51
[11-16-15:16:26] root - calculate_alpha_beta_ratio - INFO    - Alpha beta ratio for channel 7 is 0.26
[11-16-15:16:26] root - calculate_alpha_beta_ratio - INFO    - Alpha beta ratio for channel 8 is 0.58
[11-16-15:16:26] root - calculate_alpha_beta_ratio - INFO    - Average alpha beta ratio is 0.86
[11-16-15:16:26] root - calculate_alpha_beta_ratio - INFO    - 

[11-16-15:16:27] root - calculate_alpha_beta_ratio - INFO    - ==============Timestamp 46==============
[11-16-15:16:27] root - calculate_alpha_beta_ratio - INFO    - Alpha beta ratio for channel 1 is 1.81
[11-16-15:16:27] root - calculate_alpha_beta_ratio - INFO    - Alpha beta ratio for channel 2 is 0.52
[11-16-15:16:27] root - calculate_alpha_beta_ratio - INFO    - Alpha beta ratio for channel 3 is 1.26
[11-16-15:16:27] root - calculate_alpha_beta_ratio - INFO    - Alpha beta ratio for channel 4 is 1.07
[11-16-15:16:27] root - calculate_alpha_beta_ratio - INFO    - Alpha beta ratio for channel 5 is 0.98
[11-16-15:16:27] root - calculate_alpha_beta_ratio - INFO    - Alpha beta ratio for channel 6 is 0.89
[11-16-15:16:27] root - calculate_alpha_beta_ratio - INFO    - Alpha beta ratio for channel 7 is 0.77
[11-16-15:16:27] root - calculate_alpha_beta_ratio - INFO    - Alpha beta ratio for channel 8 is 0.4
[11-16-15:16:27] root - calculate_alpha_beta_ratio - INFO    - Average alpha beta ratio is 0.96
[11-16-15:16:27] root - calculate_alpha_beta_ratio - INFO    - 

[11-16-15:16:28] root - calculate_alpha_beta_ratio - INFO    - ==============Timestamp 47==============
[11-16-15:16:28] root - calculate_alpha_beta_ratio - INFO    - Alpha beta ratio for channel 1 is 1.71
[11-16-15:16:28] root - calculate_alpha_beta_ratio - INFO    - Alpha beta ratio for channel 2 is 0.73
[11-16-15:16:28] root - calculate_alpha_beta_ratio - INFO    - Alpha beta ratio for channel 3 is 0.67
[11-16-15:16:28] root - calculate_alpha_beta_ratio - INFO    - Alpha beta ratio for channel 4 is 0.57
[11-16-15:16:28] root - calculate_alpha_beta_ratio - INFO    - Alpha beta ratio for channel 5 is 1.06
[11-16-15:16:28] root - calculate_alpha_beta_ratio - INFO    - Alpha beta ratio for channel 6 is 1.02
[11-16-15:16:28] root - calculate_alpha_beta_ratio - INFO    - Alpha beta ratio for channel 7 is 1.86
[11-16-15:16:28] root - calculate_alpha_beta_ratio - INFO    - Alpha beta ratio for channel 8 is 0.78
[11-16-15:16:28] root - calculate_alpha_beta_ratio - INFO    - Average alpha beta ratio is 1.05
[11-16-15:16:28] root - calculate_alpha_beta_ratio - INFO    - 

[11-16-15:16:29] root - calculate_alpha_beta_ratio - INFO    - ==============Timestamp 48==============
[11-16-15:16:29] root - calculate_alpha_beta_ratio - INFO    - Alpha beta ratio for channel 1 is 1.59
[11-16-15:16:29] root - calculate_alpha_beta_ratio - INFO    - Alpha beta ratio for channel 2 is 0.88
[11-16-15:16:29] root - calculate_alpha_beta_ratio - INFO    - Alpha beta ratio for channel 3 is 0.25
[11-16-15:16:29] root - calculate_alpha_beta_ratio - INFO    - Alpha beta ratio for channel 4 is 0.51
[11-16-15:16:29] root - calculate_alpha_beta_ratio - INFO    - Alpha beta ratio for channel 5 is 0.22
[11-16-15:16:29] root - calculate_alpha_beta_ratio - INFO    - Alpha beta ratio for channel 6 is 0.4
[11-16-15:16:29] root - calculate_alpha_beta_ratio - INFO    - Alpha beta ratio for channel 7 is 0.26
[11-16-15:16:29] root - calculate_alpha_beta_ratio - INFO    - Alpha beta ratio for channel 8 is 0.6
[11-16-15:16:29] root - calculate_alpha_beta_ratio - INFO    - Average alpha beta ratio is 0.59
[11-16-15:16:29] root - calculate_alpha_beta_ratio - INFO    - 

[11-16-15:16:30] root - calculate_alpha_beta_ratio - INFO    - ==============Timestamp 49==============
[11-16-15:16:30] root - calculate_alpha_beta_ratio - INFO    - Alpha beta ratio for channel 1 is 1.69
[11-16-15:16:30] root - calculate_alpha_beta_ratio - INFO    - Alpha beta ratio for channel 2 is 0.61
[11-16-15:16:30] root - calculate_alpha_beta_ratio - INFO    - Alpha beta ratio for channel 3 is 0.97
[11-16-15:16:30] root - calculate_alpha_beta_ratio - INFO    - Alpha beta ratio for channel 4 is 0.38
[11-16-15:16:30] root - calculate_alpha_beta_ratio - INFO    - Alpha beta ratio for channel 5 is 0.62
[11-16-15:16:30] root - calculate_alpha_beta_ratio - INFO    - Alpha beta ratio for channel 6 is 0.7
[11-16-15:16:30] root - calculate_alpha_beta_ratio - INFO    - Alpha beta ratio for channel 7 is 0.21
[11-16-15:16:30] root - calculate_alpha_beta_ratio - INFO    - Alpha beta ratio for channel 8 is 0.18
[11-16-15:16:30] root - calculate_alpha_beta_ratio - INFO    - Average alpha beta ratio is 0.67
[11-16-15:16:30] root - calculate_alpha_beta_ratio - INFO    - 

