[11-16-15:06:29] root - calculate_alpha_beta_ratio - INFO    - ==============Timestamp 0===============
[11-16-15:06:29] root - calculate_alpha_beta_ratio - INFO    - Alpha beta ratio for channel 1 is 1.7653252668708845
[11-16-15:06:29] root - calculate_alpha_beta_ratio - INFO    - Alpha beta ratio for channel 2 is 1.4389843225105945
[11-16-15:06:29] root - calculate_alpha_beta_ratio - INFO    - Alpha beta ratio for channel 3 is 6.293683300200814
[11-16-15:06:29] root - calculate_alpha_beta_ratio - INFO    - Alpha beta ratio for channel 4 is 1.5989975202168971
[11-16-15:06:29] root - calculate_alpha_beta_ratio - INFO    - Alpha beta ratio for channel 5 is 30.59365440612764
[11-16-15:06:29] root - calculate_alpha_beta_ratio - INFO    - Alpha beta ratio for channel 6 is 0.6872014900296196
[11-16-15:06:29] root - calculate_alpha_beta_ratio - INFO    - Alpha beta ratio for channel 7 is 9.94835473312782
[11-16-15:06:29] root - calculate_alpha_beta_ratio - INFO    - Alpha beta ratio for channel 8 is 1.8852167759256064
[11-16-15:06:29] root - calculate_alpha_beta_ratio - INFO    - Average alpha beta ratio is 6.776427226876234
[11-16-15:06:29] root - calculate_alpha_beta_ratio - INFO    - 

[11-16-15:06:30] root - calculate_alpha_beta_ratio - INFO    - ==============Timestamp 1===============
[11-16-15:06:30] root - calculate_alpha_beta_ratio - INFO    - Alpha beta ratio for channel 1 is 1.7503490971381472
[11-16-15:06:30] root - calculate_alpha_beta_ratio - INFO    - Alpha beta ratio for channel 2 is 1.6304049110432863
[11-16-15:06:30] root - calculate_alpha_beta_ratio - INFO    - Alpha beta ratio for channel 3 is 6.952932853803817
[11-16-15:06:30] root - calculate_alpha_beta_ratio - INFO    - Alpha beta ratio for channel 4 is 2.4105541342640286
[11-16-15:06:30] root - calculate_alpha_beta_ratio - INFO    - Alpha beta ratio for channel 5 is 12.926899310162035
[11-16-15:06:30] root - calculate_alpha_beta_ratio - INFO    - Alpha beta ratio for channel 6 is 3.629251649112056
[11-16-15:06:30] root - calculate_alpha_beta_ratio - INFO    - Alpha beta ratio for channel 7 is 5.674881786771121
[11-16-15:06:30] root - calculate_alpha_beta_ratio - INFO    - Alpha beta ratio for channel 8 is 3.820646790767904
[11-16-15:06:30] root - calculate_alpha_beta_ratio - INFO    - Average alpha beta ratio is 4.8494900666328
[11-16-15:06:30] root - calculate_alpha_beta_ratio - INFO    - 

[11-16-15:06:31] root - calculate_alpha_beta_ratio - INFO    - ==============Timestamp 2===============
[11-16-15:06:31] root - calculate_alpha_beta_ratio - INFO    - Alpha beta ratio for channel 1 is 1.7485724291819855
[11-16-15:06:31] root - calculate_alpha_beta_ratio - INFO    - Alpha beta ratio for channel 2 is 1.5257824885052569
[11-16-15:06:31] root - calculate_alpha_beta_ratio - INFO    - Alpha beta ratio for channel 3 is 1.6194248594175806
[11-16-15:06:31] root - calculate_alpha_beta_ratio - INFO    - Alpha beta ratio for channel 4 is 0.9474912471397189
[11-16-15:06:31] root - calculate_alpha_beta_ratio - INFO    - Alpha beta ratio for channel 5 is 10.969774371109324
[11-16-15:06:31] root - calculate_alpha_beta_ratio - INFO    - Alpha beta ratio for channel 6 is 0.9269620496134089
[11-16-15:06:31] root - calculate_alpha_beta_ratio - INFO    - Alpha beta ratio for channel 7 is 1.2950761196437306
[11-16-15:06:31] root - calculate_alpha_beta_ratio - INFO    - Alpha beta ratio for channel 8 is 1.697754784023516
[11-16-15:06:31] root - calculate_alpha_beta_ratio - INFO    - Average alpha beta ratio is 2.591354793579315
[11-16-15:06:31] root - calculate_alpha_beta_ratio - INFO    - 

[11-16-15:06:32] root - calculate_alpha_beta_ratio - INFO    - ==============Timestamp 3===============
[11-16-15:06:32] root - calculate_alpha_beta_ratio - INFO    - Alpha beta ratio for channel 1 is 1.7500768842906835
[11-16-15:06:32] root - calculate_alpha_beta_ratio - INFO    - Alpha beta ratio for channel 2 is 0.5481643913389198
[11-16-15:06:32] root - calculate_alpha_beta_ratio - INFO    - Alpha beta ratio for channel 3 is 0.75780173630726
[11-16-15:06:32] root - calculate_alpha_beta_ratio - INFO    - Alpha beta ratio for channel 4 is 0.5635080248099252
[11-16-15:06:32] root - calculate_alpha_beta_ratio - INFO    - Alpha beta ratio for channel 5 is 2.470878438779602
[11-16-15:06:32] root - calculate_alpha_beta_ratio - INFO    - Alpha beta ratio for channel 6 is 0.39011796887187417
[11-16-15:06:32] root - calculate_alpha_beta_ratio - INFO    - Alpha beta ratio for channel 7 is 0.37393189570625474
[11-16-15:06:32] root - calculate_alpha_beta_ratio - INFO    - Alpha beta ratio for channel 8 is 0.595588539532994
[11-16-15:06:32] root - calculate_alpha_beta_ratio - INFO    - Average alpha beta ratio is 0.9312584849546892
[11-16-15:06:32] root - calculate_alpha_beta_ratio - INFO    - 

[11-16-15:06:33] root - calculate_alpha_beta_ratio - INFO    - ==============Timestamp 4===============
[11-16-15:06:33] root - calculate_alpha_beta_ratio - INFO    - Alpha beta ratio for channel 1 is 1.751701899182077
[11-16-15:06:33] root - calculate_alpha_beta_ratio - INFO    - Alpha beta ratio for channel 2 is 1.2921180283398306
[11-16-15:06:33] root - calculate_alpha_beta_ratio - INFO    - Alpha beta ratio for channel 3 is 0.5923981663246396
[11-16-15:06:33] root - calculate_alpha_beta_ratio - INFO    - Alpha beta ratio for channel 4 is 0.9312598467009114
[11-16-15:06:33] root - calculate_alpha_beta_ratio - INFO    - Alpha beta ratio for channel 5 is 6.880289479929825
[11-16-15:06:33] root - calculate_alpha_beta_ratio - INFO    - Alpha beta ratio for channel 6 is 0.9225036135979527
[11-16-15:06:33] root - calculate_alpha_beta_ratio - INFO    - Alpha beta ratio for channel 7 is 1.9362649585322484
[11-16-15:06:33] root - calculate_alpha_beta_ratio - INFO    - Alpha beta ratio for channel 8 is 3.0490108944898733
[11-16-15:06:33] root - calculate_alpha_beta_ratio - INFO    - Average alpha beta ratio is 2.1694433608871697
[11-16-15:06:33] root - calculate_alpha_beta_ratio - INFO    - 

[11-16-15:06:34] root - calculate_alpha_beta_ratio - INFO    - ==============Timestamp 5===============
[11-16-15:06:34] root - calculate_alpha_beta_ratio - INFO    - Alpha beta ratio for channel 1 is 1.758871325124225
[11-16-15:06:34] root - calculate_alpha_beta_ratio - INFO    - Alpha beta ratio for channel 2 is 2.167539748587202
[11-16-15:06:34] root - calculate_alpha_beta_ratio - INFO    - Alpha beta ratio for channel 3 is 2.529069611633331
[11-16-15:06:34] root - calculate_alpha_beta_ratio - INFO    - Alpha beta ratio for channel 4 is 1.187975652852267
[11-16-15:06:34] root - calculate_alpha_beta_ratio - INFO    - Alpha beta ratio for channel 5 is 3.349127513296347
[11-16-15:06:34] root - calculate_alpha_beta_ratio - INFO    - Alpha beta ratio for channel 6 is 3.6788982730530115
[11-16-15:06:34] root - calculate_alpha_beta_ratio - INFO    - Alpha beta ratio for channel 7 is 2.0384069290343
[11-16-15:06:34] root - calculate_alpha_beta_ratio - INFO    - Alpha beta ratio for channel 8 is 3.8349688475274935
[11-16-15:06:34] root - calculate_alpha_beta_ratio - INFO    - Average alpha beta ratio is 2.568107237638522
[11-16-15:06:34] root - calculate_alpha_beta_ratio - INFO    - 

[11-16-15:06:35] root - calculate_alpha_beta_ratio - INFO    - ==============Timestamp 6===============
[11-16-15:06:35] root - calculate_alpha_beta_ratio - INFO    - Alpha beta ratio for channel 1 is 1.7641162337241902
[11-16-15:06:35] root - calculate_alpha_beta_ratio - INFO    - Alpha beta ratio for channel 2 is 0.31376133391238514
[11-16-15:06:35] root - calculate_alpha_beta_ratio - INFO    - Alpha beta ratio for channel 3 is 0.2333739829517885
[11-16-15:06:35] root - calculate_alpha_beta_ratio - INFO    - Alpha beta ratio for channel 4 is 0.8619970823206368
[11-16-15:06:35] root - calculate_alpha_beta_ratio - INFO    - Alpha beta ratio for channel 5 is 1.2536008449628602
[11-16-15:06:35] root - calculate_alpha_beta_ratio - INFO    - Alpha beta ratio for channel 6 is 0.7301552774189609
[11-16-15:06:35] root - calculate_alpha_beta_ratio - INFO    - Alpha beta ratio for channel 7 is 0.44631067216584447
[11-16-15:06:35] root - calculate_alpha_beta_ratio - INFO    - Alpha beta ratio for channel 8 is 0.9865993380825021
[11-16-15:06:35] root - calculate_alpha_beta_ratio - INFO    - Average alpha beta ratio is 0.823739345692396
[11-16-15:06:35] root - calculate_alpha_beta_ratio - INFO    - 

[11-16-15:06:36] root - calculate_alpha_beta_ratio - INFO    - ==============Timestamp 7===============
[11-16-15:06:36] root - calculate_alpha_beta_ratio - INFO    - Alpha beta ratio for channel 1 is 1.767707418530245
[11-16-15:06:36] root - calculate_alpha_beta_ratio - INFO    - Alpha beta ratio for channel 2 is 5.54294997629567
[11-16-15:06:36] root - calculate_alpha_beta_ratio - INFO    - Alpha beta ratio for channel 3 is 5.7861095206748745
[11-16-15:06:36] root - calculate_alpha_beta_ratio - INFO    - Alpha beta ratio for channel 4 is 1.4210403152267912
[11-16-15:06:36] root - calculate_alpha_beta_ratio - INFO    - Alpha beta ratio for channel 5 is 0.7752881939939594
[11-16-15:06:36] root - calculate_alpha_beta_ratio - INFO    - Alpha beta ratio for channel 6 is 1.5269291227710788
[11-16-15:06:36] root - calculate_alpha_beta_ratio - INFO    - Alpha beta ratio for channel 7 is 0.41508731172127933
[11-16-15:06:36] root - calculate_alpha_beta_ratio - INFO    - Alpha beta ratio for channel 8 is 1.3763578815267432
[11-16-15:06:36] root - calculate_alpha_beta_ratio - INFO    - Average alpha beta ratio is 2.32643371759258
[11-16-15:06:36] root - calculate_alpha_beta_ratio - INFO    - 

[11-16-15:06:37] root - calculate_alpha_beta_ratio - INFO    - ==============Timestamp 8===============
[11-16-15:06:37] root - calculate_alpha_beta_ratio - INFO    - Alpha beta ratio for channel 1 is 1.770218323244329
[11-16-15:06:37] root - calculate_alpha_beta_ratio - INFO    - Alpha beta ratio for channel 2 is 1.481736806723288
[11-16-15:06:37] root - calculate_alpha_beta_ratio - INFO    - Alpha beta ratio for channel 3 is 0.8251304198080425
[11-16-15:06:37] root - calculate_alpha_beta_ratio - INFO    - Alpha beta ratio for channel 4 is 1.1035445225162468
[11-16-15:06:37] root - calculate_alpha_beta_ratio - INFO    - Alpha beta ratio for channel 5 is 3.9196624493274967
[11-16-15:06:37] root - calculate_alpha_beta_ratio - INFO    - Alpha beta ratio for channel 6 is 1.1917045147323795
[11-16-15:06:37] root - calculate_alpha_beta_ratio - INFO    - Alpha beta ratio for channel 7 is 0.5071065781972687
[11-16-15:06:37] root - calculate_alpha_beta_ratio - INFO    - Alpha beta ratio for channel 8 is 1.4035154363201
[11-16-15:06:37] root - calculate_alpha_beta_ratio - INFO    - Average alpha beta ratio is 1.5253273813586439
[11-16-15:06:37] root - calculate_alpha_beta_ratio - INFO    - 

[11-16-15:06:38] root - calculate_alpha_beta_ratio - INFO    - ==============Timestamp 9===============
[11-16-15:06:38] root - calculate_alpha_beta_ratio - INFO    - Alpha beta ratio for channel 1 is 1.770578161906339
[11-16-15:06:38] root - calculate_alpha_beta_ratio - INFO    - Alpha beta ratio for channel 2 is 4.090988463467219
[11-16-15:06:38] root - calculate_alpha_beta_ratio - INFO    - Alpha beta ratio for channel 3 is 4.240811896372617
[11-16-15:06:38] root - calculate_alpha_beta_ratio - INFO    - Alpha beta ratio for channel 4 is 3.1285256073915204
[11-16-15:06:38] root - calculate_alpha_beta_ratio - INFO    - Alpha beta ratio for channel 5 is 0.5502358772704219
[11-16-15:06:38] root - calculate_alpha_beta_ratio - INFO    - Alpha beta ratio for channel 6 is 5.301473021711038
[11-16-15:06:38] root - calculate_alpha_beta_ratio - INFO    - Alpha beta ratio for channel 7 is 9.795438140274268
[11-16-15:06:38] root - calculate_alpha_beta_ratio - INFO    - Alpha beta ratio for channel 8 is 3.963157531871174
[11-16-15:06:38] root - calculate_alpha_beta_ratio - INFO    - Average alpha beta ratio is 4.105151087533075
[11-16-15:06:38] root - calculate_alpha_beta_ratio - INFO    - 

[11-16-15:06:39] root - calculate_alpha_beta_ratio - INFO    - ==============Timestamp 10==============
[11-16-15:06:39] root - calculate_alpha_beta_ratio - INFO    - Alpha beta ratio for channel 1 is 1.7703194868261565
[11-16-15:06:39] root - calculate_alpha_beta_ratio - INFO    - Alpha beta ratio for channel 2 is 0.7685765540196894
[11-16-15:06:39] root - calculate_alpha_beta_ratio - INFO    - Alpha beta ratio for channel 3 is 0.8780692561045707
[11-16-15:06:39] root - calculate_alpha_beta_ratio - INFO    - Alpha beta ratio for channel 4 is 0.5436168401543909
[11-16-15:06:39] root - calculate_alpha_beta_ratio - INFO    - Alpha beta ratio for channel 5 is 2.9812094974070766
[11-16-15:06:39] root - calculate_alpha_beta_ratio - INFO    - Alpha beta ratio for channel 6 is 0.5236731928801756
[11-16-15:06:39] root - calculate_alpha_beta_ratio - INFO    - Alpha beta ratio for channel 7 is 0.6811382700672215
[11-16-15:06:39] root - calculate_alpha_beta_ratio - INFO    - Alpha beta ratio for channel 8 is 1.8602406799715552
[11-16-15:06:39] root - calculate_alpha_beta_ratio - INFO    - Average alpha beta ratio is 1.2508554721788545
[11-16-15:06:39] root - calculate_alpha_beta_ratio - INFO    - 

[11-16-15:06:40] root - calculate_alpha_beta_ratio - INFO    - ==============Timestamp 11==============
[11-16-15:06:40] root - calculate_alpha_beta_ratio - INFO    - Alpha beta ratio for channel 1 is 1.769132555979419
[11-16-15:06:40] root - calculate_alpha_beta_ratio - INFO    - Alpha beta ratio for channel 2 is 0.4264482420343438
[11-16-15:06:40] root - calculate_alpha_beta_ratio - INFO    - Alpha beta ratio for channel 3 is 0.3582534069056477
[11-16-15:06:40] root - calculate_alpha_beta_ratio - INFO    - Alpha beta ratio for channel 4 is 0.31685939365124316
[11-16-15:06:40] root - calculate_alpha_beta_ratio - INFO    - Alpha beta ratio for channel 5 is 1.046240822369445
[11-16-15:06:40] root - calculate_alpha_beta_ratio - INFO    - Alpha beta ratio for channel 6 is 0.24418144216446133
[11-16-15:06:40] root - calculate_alpha_beta_ratio - INFO    - Alpha beta ratio for channel 7 is 1.196032680606449
[11-16-15:06:40] root - calculate_alpha_beta_ratio - INFO    - Alpha beta ratio for channel 8 is 0.86124782184413
[11-16-15:06:40] root - calculate_alpha_beta_ratio - INFO    - Average alpha beta ratio is 0.7772995456943923
[11-16-15:06:40] root - calculate_alpha_beta_ratio - INFO    - 

[11-16-15:06:41] root - calculate_alpha_beta_ratio - INFO    - ==============Timestamp 12==============
[11-16-15:06:41] root - calculate_alpha_beta_ratio - INFO    - Alpha beta ratio for channel 1 is 1.7675717766079506
[11-16-15:06:41] root - calculate_alpha_beta_ratio - INFO    - Alpha beta ratio for channel 2 is 2.0113811846163667
[11-16-15:06:41] root - calculate_alpha_beta_ratio - INFO    - Alpha beta ratio for channel 3 is 1.676214644165618
[11-16-15:06:41] root - calculate_alpha_beta_ratio - INFO    - Alpha beta ratio for channel 4 is 3.0929173683571327
[11-16-15:06:41] root - calculate_alpha_beta_ratio - INFO    - Alpha beta ratio for channel 5 is 1.4962594216736285
[11-16-15:06:41] root - calculate_alpha_beta_ratio - INFO    - Alpha beta ratio for channel 6 is 4.724343411074698
[11-16-15:06:41] root - calculate_alpha_beta_ratio - INFO    - Alpha beta ratio for channel 7 is 2.397755228757812
[11-16-15:06:41] root - calculate_alpha_beta_ratio - INFO    - Alpha beta ratio for channel 8 is 6.8053975030022835
[11-16-15:06:41] root - calculate_alpha_beta_ratio - INFO    - Average alpha beta ratio is 2.9964800672819365
[11-16-15:06:41] root - calculate_alpha_beta_ratio - INFO    - 

[11-16-15:06:42] root - calculate_alpha_beta_ratio - INFO    - ==============Timestamp 13==============
[11-16-15:06:42] root - calculate_alpha_beta_ratio - INFO    - Alpha beta ratio for channel 1 is 1.7626713436900208
[11-16-15:06:42] root - calculate_alpha_beta_ratio - INFO    - Alpha beta ratio for channel 2 is 1.9061518432401034
[11-16-15:06:42] root - calculate_alpha_beta_ratio - INFO    - Alpha beta ratio for channel 3 is 1.7055464801469558
[11-16-15:06:42] root - calculate_alpha_beta_ratio - INFO    - Alpha beta ratio for channel 4 is 1.2320786275269608
[11-16-15:06:42] root - calculate_alpha_beta_ratio - INFO    - Alpha beta ratio for channel 5 is 0.6301243408585199
[11-16-15:06:42] root - calculate_alpha_beta_ratio - INFO    - Alpha beta ratio for channel 6 is 1.1557129927310628
[11-16-15:06:42] root - calculate_alpha_beta_ratio - INFO    - Alpha beta ratio for channel 7 is 1.5223654581675055
[11-16-15:06:42] root - calculate_alpha_beta_ratio - INFO    - Alpha beta ratio for channel 8 is 4.426853594433976
[11-16-15:06:42] root - calculate_alpha_beta_ratio - INFO    - Average alpha beta ratio is 1.792688085099388
[11-16-15:06:42] root - calculate_alpha_beta_ratio - INFO    - 

[11-16-15:06:43] root - calculate_alpha_beta_ratio - INFO    - ==============Timestamp 14==============
[11-16-15:06:43] root - calculate_alpha_beta_ratio - INFO    - Alpha beta ratio for channel 1 is 1.7586265332208597
[11-16-15:06:43] root - calculate_alpha_beta_ratio - INFO    - Alpha beta ratio for channel 2 is 3.427222357480855
[11-16-15:06:43] root - calculate_alpha_beta_ratio - INFO    - Alpha beta ratio for channel 3 is 4.717063739469167
[11-16-15:06:43] root - calculate_alpha_beta_ratio - INFO    - Alpha beta ratio for channel 4 is 2.93917303270091
[11-16-15:06:43] root - calculate_alpha_beta_ratio - INFO    - Alpha beta ratio for channel 5 is 1.296797578686927
[11-16-15:06:43] root - calculate_alpha_beta_ratio - INFO    - Alpha beta ratio for channel 6 is 2.755786835083206
[11-16-15:06:43] root - calculate_alpha_beta_ratio - INFO    - Alpha beta ratio for channel 7 is 2.463224162162248
[11-16-15:06:43] root - calculate_alpha_beta_ratio - INFO    - Alpha beta ratio for channel 8 is 4.789971224346061
[11-16-15:06:43] root - calculate_alpha_beta_ratio - INFO    - Average alpha beta ratio is 3.0184831828937795
[11-16-15:06:43] root - calculate_alpha_beta_ratio - INFO    - 

[11-16-15:06:44] root - calculate_alpha_beta_ratio - INFO    - ==============Timestamp 15==============
[11-16-15:06:45] root - calculate_alpha_beta_ratio - INFO    - Alpha beta ratio for channel 1 is 1.7570236532335193
[11-16-15:06:45] root - calculate_alpha_beta_ratio - INFO    - Alpha beta ratio for channel 2 is 1.1152795552643018
[11-16-15:06:45] root - calculate_alpha_beta_ratio - INFO    - Alpha beta ratio for channel 3 is 0.8478796870810403
[11-16-15:06:45] root - calculate_alpha_beta_ratio - INFO    - Alpha beta ratio for channel 4 is 1.493212929397158
[11-16-15:06:45] root - calculate_alpha_beta_ratio - INFO    - Alpha beta ratio for channel 5 is 1.7228810385366173
[11-16-15:06:45] root - calculate_alpha_beta_ratio - INFO    - Alpha beta ratio for channel 6 is 1.8173374920439234
[11-16-15:06:45] root - calculate_alpha_beta_ratio - INFO    - Alpha beta ratio for channel 7 is 1.204525528295088
[11-16-15:06:45] root - calculate_alpha_beta_ratio - INFO    - Alpha beta ratio for channel 8 is 1.7541638625208678
[11-16-15:06:45] root - calculate_alpha_beta_ratio - INFO    - Average alpha beta ratio is 1.4640379682965645
[11-16-15:06:45] root - calculate_alpha_beta_ratio - INFO    - 

[11-16-15:06:46] root - calculate_alpha_beta_ratio - INFO    - ==============Timestamp 16==============
[11-16-15:06:46] root - calculate_alpha_beta_ratio - INFO    - Alpha beta ratio for channel 1 is 1.7610880500741732
[11-16-15:06:46] root - calculate_alpha_beta_ratio - INFO    - Alpha beta ratio for channel 2 is 1.6203770436800955
[11-16-15:06:46] root - calculate_alpha_beta_ratio - INFO    - Alpha beta ratio for channel 3 is 1.4299307486219686
[11-16-15:06:46] root - calculate_alpha_beta_ratio - INFO    - Alpha beta ratio for channel 4 is 1.0558139264149446
[11-16-15:06:46] root - calculate_alpha_beta_ratio - INFO    - Alpha beta ratio for channel 5 is 3.4512682482162393
[11-16-15:06:46] root - calculate_alpha_beta_ratio - INFO    - Alpha beta ratio for channel 6 is 1.1629917984739562
[11-16-15:06:46] root - calculate_alpha_beta_ratio - INFO    - Alpha beta ratio for channel 7 is 0.8715732651439513
[11-16-15:06:46] root - calculate_alpha_beta_ratio - INFO    - Alpha beta ratio for channel 8 is 1.10599725937132
[11-16-15:06:46] root - calculate_alpha_beta_ratio - INFO    - Average alpha beta ratio is 1.557380042499581
[11-16-15:06:46] root - calculate_alpha_beta_ratio - INFO    - 

[11-16-15:06:47] root - calculate_alpha_beta_ratio - INFO    - ==============Timestamp 17==============
[11-16-15:06:47] root - calculate_alpha_beta_ratio - INFO    - Alpha beta ratio for channel 1 is 1.760605044004537
[11-16-15:06:47] root - calculate_alpha_beta_ratio - INFO    - Alpha beta ratio for channel 2 is 1.2943682727476429
[11-16-15:06:47] root - calculate_alpha_beta_ratio - INFO    - Alpha beta ratio for channel 3 is 1.4458513723155875
[11-16-15:06:47] root - calculate_alpha_beta_ratio - INFO    - Alpha beta ratio for channel 4 is 1.2952386351633176
[11-16-15:06:47] root - calculate_alpha_beta_ratio - INFO    - Alpha beta ratio for channel 5 is 3.738822397540847
[11-16-15:06:47] root - calculate_alpha_beta_ratio - INFO    - Alpha beta ratio for channel 6 is 1.3682666764823186
[11-16-15:06:47] root - calculate_alpha_beta_ratio - INFO    - Alpha beta ratio for channel 7 is 2.2297105290382486
[11-16-15:06:47] root - calculate_alpha_beta_ratio - INFO    - Alpha beta ratio for channel 8 is 4.8300060335805695
[11-16-15:06:47] root - calculate_alpha_beta_ratio - INFO    - Average alpha beta ratio is 2.2453586201091333
[11-16-15:06:47] root - calculate_alpha_beta_ratio - INFO    - 

[11-16-15:06:48] root - calculate_alpha_beta_ratio - INFO    - ==============Timestamp 18==============
[11-16-15:06:48] root - calculate_alpha_beta_ratio - INFO    - Alpha beta ratio for channel 1 is 1.7644403722187405
[11-16-15:06:48] root - calculate_alpha_beta_ratio - INFO    - Alpha beta ratio for channel 2 is 1.8095585543347779
[11-16-15:06:48] root - calculate_alpha_beta_ratio - INFO    - Alpha beta ratio for channel 3 is 0.9733779624811499
[11-16-15:06:48] root - calculate_alpha_beta_ratio - INFO    - Alpha beta ratio for channel 4 is 1.5807508142973925
[11-16-15:06:48] root - calculate_alpha_beta_ratio - INFO    - Alpha beta ratio for channel 5 is 9.567563661753672
[11-16-15:06:48] root - calculate_alpha_beta_ratio - INFO    - Alpha beta ratio for channel 6 is 1.8855585991051287
[11-16-15:06:48] root - calculate_alpha_beta_ratio - INFO    - Alpha beta ratio for channel 7 is 0.7157581449885182
[11-16-15:06:48] root - calculate_alpha_beta_ratio - INFO    - Alpha beta ratio for channel 8 is 5.815435430671748
[11-16-15:06:48] root - calculate_alpha_beta_ratio - INFO    - Average alpha beta ratio is 3.014055442481391
[11-16-15:06:48] root - calculate_alpha_beta_ratio - INFO    - 

[11-16-15:06:49] root - calculate_alpha_beta_ratio - INFO    - ==============Timestamp 19==============
[11-16-15:06:49] root - calculate_alpha_beta_ratio - INFO    - Alpha beta ratio for channel 1 is 1.7699802914305685
[11-16-15:06:49] root - calculate_alpha_beta_ratio - INFO    - Alpha beta ratio for channel 2 is 1.0882735610536225
[11-16-15:06:49] root - calculate_alpha_beta_ratio - INFO    - Alpha beta ratio for channel 3 is 0.7430493782897817
[11-16-15:06:49] root - calculate_alpha_beta_ratio - INFO    - Alpha beta ratio for channel 4 is 0.7973896699759175
[11-16-15:06:49] root - calculate_alpha_beta_ratio - INFO    - Alpha beta ratio for channel 5 is 7.584978384175824
[11-16-15:06:49] root - calculate_alpha_beta_ratio - INFO    - Alpha beta ratio for channel 6 is 0.5796008629100129
[11-16-15:06:49] root - calculate_alpha_beta_ratio - INFO    - Alpha beta ratio for channel 7 is 0.5806543361916511
[11-16-15:06:49] root - calculate_alpha_beta_ratio - INFO    - Alpha beta ratio for channel 8 is 1.333337212767716
[11-16-15:06:49] root - calculate_alpha_beta_ratio - INFO    - Average alpha beta ratio is 1.8096579620993865
[11-16-15:06:49] root - calculate_alpha_beta_ratio - INFO    - 

